POST /onvif/media HTTP/1.1
Host: 192.168.1.246:8000
User-Agent: gSOAP/2.8
Content-Type: application/soap+xml; charset=utf-8; action="http://www.onvif.org/ver10/media/wsdl/GetProfiles"
Content-Length: 2247
Connection: close
SOAPAction: "http://www.onvif.org/ver10/media/wsdl/GetProfiles"

<?xml version="1.0" encoding="UTF-8"?>
<SOAP-ENV:Envelope xmlns:SOAP-ENV="http://www.w3.org/2003/05/soap-envelope" xmlns:SOAP-ENC="http://www.w3.org/2003/05/soap-encoding" xmlns:xsi="http://www.w3.org/2001/XMLSchema-instance" xmlns:xsd="http://www.w3.org/2001/XMLSchema" xmlns:wsa="http://schemas.xmlsoap.org/ws/2004/08/addressing" xmlns:wsdd="http://schemas.xmlsoap.org/ws/2005/04/discovery" xmlns:chan="http://schemas.microsoft.com/ws/2005/02/duplex" xmlns:wsa5="http://www.w3.org/2005/08/addressing" xmlns:c14n="http://www.w3.org/2001/10/xml-exc-c14n#" xmlns:ds="http://www.w3.org/2000/09/xmldsig#" xmlns:saml1="urn:oasis:names:tc:SAML:1.0:assertion" xmlns:saml2="urn:oasis:names:tc:SAML:2.0:assertion" xmlns:wsu="http://docs.oasis-open.org/wss/2004/01/oasis-200401-wss-wssecurity-utility-1.0.xsd" xmlns:xenc="http://www.w3.org/2001/04/xmlenc#" xmlns:wsc="http://docs.oasis-open.org/ws-sx/ws-secureconversation/200512" xmlns:wsse="http://docs.oasis-open.org/wss/2004/01/oasis-200401-wss-wssecurity-secext-1.0.xsd" xmlns:xmime="http://tempuri.org/xmime.xsd" xmlns:xop="http://www.w3.org/2004/08/xop/include" xmlns:tt="http://www.onvif.org/ver10/schema" xmlns:wsrfbf="http://docs.oasis-open.org/wsrf/bf-2" xmlns:wsnt="http://docs.oasis-open.org/wsn/b-2" xmlns:wstop="http://docs.oasis-open.org/wsn/t-1" xmlns:tdn="http://www.onvif.org/ver10/network/wsdl" xmlns:tds="http://www.onvif.org/ver10/device/wsdl" xmlns:timg="http://www.onvif.org/ver20/imaging/wsdl" xmlns:tls="http://www.onvif.org/ver10/display/wsdl" xmlns:tptz="http://www.onvif.org/ver20/ptz/wsdl" xmlns:trt="http://www.onvif.org/ver10/media/wsdl"><SOAP-ENV:Header><wsse:Security SOAP-ENV:mustUnderstand="true"><wsse:UsernameToken><wsse:Username>admin</wsse:Username><wsse:Password Type="http://docs.oasis-open.org/wss/2004/01/oasis-200401-wss-username-token-profile-1.0#PasswordDigest">Mj7KdfiU6x69YrmvZaAfuk0goj0=</wsse:Password><wsse:Nonce EncodingType="http://docs.oasis-open.org/wss/2004/01/oasis-200401-wss-soap-message-security-1.0#Base64Binary">bBeEX820YMyDkHi2EiA8H7oe8Js=</wsse:Nonce><wsu:Created>2020-10-12T08:44:28Z</wsu:Created></wsse:UsernameToken></wsse:Security></SOAP-ENV:Header><SOAP-ENV:Body><trt:GetProfiles></trt:GetProfiles></SOAP-ENV:Body></SOAP-ENV:Envelope>
POST /onvif/media HTTP/1.1
Host: 192.168.1.246:8000
User-Agent: gSOAP/2.8
Content-Type: application/soap+xml; charset=utf-8; action="http://www.onvif.org/ver10/media/wsdl/GetProfiles"
Content-Length: 2247
Connection: close
SOAPAction: "http://www.onvif.org/ver10/media/wsdl/GetProfiles"

<?xml version="1.0" encoding="UTF-8"?>
<SOAP-ENV:Envelope xmlns:SOAP-ENV="http://www.w3.org/2003/05/soap-envelope" xmlns:SOAP-ENC="http://www.w3.org/2003/05/soap-encoding" xmlns:xsi="http://www.w3.org/2001/XMLSchema-instance" xmlns:xsd="http://www.w3.org/2001/XMLSchema" xmlns:wsa="http://schemas.xmlsoap.org/ws/2004/08/addressing" xmlns:wsdd="http://schemas.xmlsoap.org/ws/2005/04/discovery" xmlns:chan="http://schemas.microsoft.com/ws/2005/02/duplex" xmlns:wsa5="http://www.w3.org/2005/08/addressing" xmlns:c14n="http://www.w3.org/2001/10/xml-exc-c14n#" xmlns:ds="http://www.w3.org/2000/09/xmldsig#" xmlns:saml1="urn:oasis:names:tc:SAML:1.0:assertion" xmlns:saml2="urn:oasis:names:tc:SAML:2.0:assertion" xmlns:wsu="http://docs.oasis-open.org/wss/2004/01/oasis-200401-wss-wssecurity-utility-1.0.xsd" xmlns:xenc="http://www.w3.org/2001/04/xmlenc#" xmlns:wsc="http://docs.oasis-open.org/ws-sx/ws-secureconversation/200512" xmlns:wsse="http://docs.oasis-open.org/wss/2004/01/oasis-200401-wss-wssecurity-secext-1.0.xsd" xmlns:xmime="http://tempuri.org/xmime.xsd" xmlns:xop="http://www.w3.org/2004/08/xop/include" xmlns:tt="http://www.onvif.org/ver10/schema" xmlns:wsrfbf="http://docs.oasis-open.org/wsrf/bf-2" xmlns:wsnt="http://docs.oasis-open.org/wsn/b-2" xmlns:wstop="http://docs.oasis-open.org/wsn/t-1" xmlns:tdn="http://www.onvif.org/ver10/network/wsdl" xmlns:tds="http://www.onvif.org/ver10/device/wsdl" xmlns:timg="http://www.onvif.org/ver20/imaging/wsdl" xmlns:tls="http://www.onvif.org/ver10/display/wsdl" xmlns:tptz="http://www.onvif.org/ver20/ptz/wsdl" xmlns:trt="http://www.onvif.org/ver10/media/wsdl"><SOAP-ENV:Header><wsse:Security SOAP-ENV:mustUnderstand="true"><wsse:UsernameToken><wsse:Username>admin</wsse:Username><wsse:Password Type="http://docs.oasis-open.org/wss/2004/01/oasis-200401-wss-username-token-profile-1.0#PasswordDigest">1VgSN4jRNZrru9w+bQC0rm0Dl6c=</wsse:Password><wsse:Nonce EncodingType="http://docs.oasis-open.org/wss/2004/01/oasis-200401-wss-soap-message-security-1.0#Base64Binary">qxeEX06QTdq35RnBECIDHOQxnjU=</wsse:Nonce><wsu:Created>2020-10-12T08:45:31Z</wsu:Created></wsse:UsernameToken></wsse:Security></SOAP-ENV:Header><SOAP-ENV:Body><trt:GetProfiles></trt:GetProfiles></SOAP-ENV:Body></SOAP-ENV:Envelope>
POST /onvif/media HTTP/1.1
Host: 192.168.1.246:8000
User-Agent: gSOAP/2.8
Content-Type: application/soap+xml; charset=utf-8; action="http://www.onvif.org/ver10/media/wsdl/GetProfiles"
Content-Length: 2247
Connection: close
SOAPAction: "http://www.onvif.org/ver10/media/wsdl/GetProfiles"

<?xml version="1.0" encoding="UTF-8"?>
<SOAP-ENV:Envelope xmlns:SOAP-ENV="http://www.w3.org/2003/05/soap-envelope" xmlns:SOAP-ENC="http://www.w3.org/2003/05/soap-encoding" xmlns:xsi="http://www.w3.org/2001/XMLSchema-instance" xmlns:xsd="http://www.w3.org/2001/XMLSchema" xmlns:wsa="http://schemas.xmlsoap.org/ws/2004/08/addressing" xmlns:wsdd="http://schemas.xmlsoap.org/ws/2005/04/discovery" xmlns:chan="http://schemas.microsoft.com/ws/2005/02/duplex" xmlns:wsa5="http://www.w3.org/2005/08/addressing" xmlns:c14n="http://www.w3.org/2001/10/xml-exc-c14n#" xmlns:ds="http://www.w3.org/2000/09/xmldsig#" xmlns:saml1="urn:oasis:names:tc:SAML:1.0:assertion" xmlns:saml2="urn:oasis:names:tc:SAML:2.0:assertion" xmlns:wsu="http://docs.oasis-open.org/wss/2004/01/oasis-200401-wss-wssecurity-utility-1.0.xsd" xmlns:xenc="http://www.w3.org/2001/04/xmlenc#" xmlns:wsc="http://docs.oasis-open.org/ws-sx/ws-secureconversation/200512" xmlns:wsse="http://docs.oasis-open.org/wss/2004/01/oasis-200401-wss-wssecurity-secext-1.0.xsd" xmlns:xmime="http://tempuri.org/xmime.xsd" xmlns:xop="http://www.w3.org/2004/08/xop/include" xmlns:tt="http://www.onvif.org/ver10/schema" xmlns:wsrfbf="http://docs.oasis-open.org/wsrf/bf-2" xmlns:wsnt="http://docs.oasis-open.org/wsn/b-2" xmlns:wstop="http://docs.oasis-open.org/wsn/t-1" xmlns:tdn="http://www.onvif.org/ver10/network/wsdl" xmlns:tds="http://www.onvif.org/ver10/device/wsdl" xmlns:timg="http://www.onvif.org/ver20/imaging/wsdl" xmlns:tls="http://www.onvif.org/ver10/display/wsdl" xmlns:tptz="http://www.onvif.org/ver20/ptz/wsdl" xmlns:trt="http://www.onvif.org/ver10/media/wsdl"><SOAP-ENV:Header><wsse:Security SOAP-ENV:mustUnderstand="true"><wsse:UsernameToken><wsse:Username>admin</wsse:Username><wsse:Password Type="http://docs.oasis-open.org/wss/2004/01/oasis-200401-wss-username-token-profile-1.0#PasswordDigest">U5MgFZqb1z7IMFa91Hk0qjvVWwg=</wsse:Password><wsse:Nonce EncodingType="http://docs.oasis-open.org/wss/2004/01/oasis-200401-wss-soap-message-security-1.0#Base64Binary">6heEX0FRM+sIMlokOTykb1IOIf4=</wsse:Nonce><wsu:Created>2020-10-12T08:46:34Z</wsu:Created></wsse:UsernameToken></wsse:Security></SOAP-ENV:Header><SOAP-ENV:Body><trt:GetProfiles></trt:GetProfiles></SOAP-ENV:Body></SOAP-ENV:Envelope>
POST /onvif/media HTTP/1.1
Host: 192.168.1.246:8000
User-Agent: gSOAP/2.8
Content-Type: application/soap+xml; charset=utf-8; action="http://www.onvif.org/ver10/media/wsdl/GetProfiles"
Content-Length: 2247
Connection: close
SOAPAction: "http://www.onvif.org/ver10/media/wsdl/GetProfiles"

<?xml version="1.0" encoding="UTF-8"?>
<SOAP-ENV:Envelope xmlns:SOAP-ENV="http://www.w3.org/2003/05/soap-envelope" xmlns:SOAP-ENC="http://www.w3.org/2003/05/soap-encoding" xmlns:xsi="http://www.w3.org/2001/XMLSchema-instance" xmlns:xsd="http://www.w3.org/2001/XMLSchema" xmlns:wsa="http://schemas.xmlsoap.org/ws/2004/08/addressing" xmlns:wsdd="http://schemas.xmlsoap.org/ws/2005/04/discovery" xmlns:chan="http://schemas.microsoft.com/ws/2005/02/duplex" xmlns:wsa5="http://www.w3.org/2005/08/addressing" xmlns:c14n="http://www.w3.org/2001/10/xml-exc-c14n#" xmlns:ds="http://www.w3.org/2000/09/xmldsig#" xmlns:saml1="urn:oasis:names:tc:SAML:1.0:assertion" xmlns:saml2="urn:oasis:names:tc:SAML:2.0:assertion" xmlns:wsu="http://docs.oasis-open.org/wss/2004/01/oasis-200401-wss-wssecurity-utility-1.0.xsd" xmlns:xenc="http://www.w3.org/2001/04/xmlenc#" xmlns:wsc="http://docs.oasis-open.org/ws-sx/ws-secureconversation/200512" xmlns:wsse="http://docs.oasis-open.org/wss/2004/01/oasis-200401-wss-wssecurity-secext-1.0.xsd" xmlns:xmime="http://tempuri.org/xmime.xsd" xmlns:xop="http://www.w3.org/2004/08/xop/include" xmlns:tt="http://www.onvif.org/ver10/schema" xmlns:wsrfbf="http://docs.oasis-open.org/wsrf/bf-2" xmlns:wsnt="http://docs.oasis-open.org/wsn/b-2" xmlns:wstop="http://docs.oasis-open.org/wsn/t-1" xmlns:tdn="http://www.onvif.org/ver10/network/wsdl" xmlns:tds="http://www.onvif.org/ver10/device/wsdl" xmlns:timg="http://www.onvif.org/ver20/imaging/wsdl" xmlns:tls="http://www.onvif.org/ver10/display/wsdl" xmlns:tptz="http://www.onvif.org/ver20/ptz/wsdl" xmlns:trt="http://www.onvif.org/ver10/media/wsdl"><SOAP-ENV:Header><wsse:Security SOAP-ENV:mustUnderstand="true"><wsse:UsernameToken><wsse:Username>admin</wsse:Username><wsse:Password Type="http://docs.oasis-open.org/wss/2004/01/oasis-200401-wss-username-token-profile-1.0#PasswordDigest">nkwDMqA9h4y+bL/wFoEMnqzL6Hs=</wsse:Password><wsse:Nonce EncodingType="http://docs.oasis-open.org/wss/2004/01/oasis-200401-wss-soap-message-security-1.0#Base64Binary">FxiEX7PaMHRLv5xelfB/7BxWPiw=</wsse:Nonce><wsu:Created>2020-10-12T08:47:19Z</wsu:Created></wsse:UsernameToken></wsse:Security></SOAP-ENV:Header><SOAP-ENV:Body><trt:GetProfiles></trt:GetProfiles></SOAP-ENV:Body></SOAP-ENV:Envelope>
POST /onvif/media HTTP/1.1
Host: 192.168.1.246:8000
User-Agent: gSOAP/2.8
Content-Type: application/soap+xml; charset=utf-8; action="http://www.onvif.org/ver10/media/wsdl/GetProfiles"
Content-Length: 2247
Connection: close
SOAPAction: "http://www.onvif.org/ver10/media/wsdl/GetProfiles"

<?xml version="1.0" encoding="UTF-8"?>
<SOAP-ENV:Envelope xmlns:SOAP-ENV="http://www.w3.org/2003/05/soap-envelope" xmlns:SOAP-ENC="http://www.w3.org/2003/05/soap-encoding" xmlns:xsi="http://www.w3.org/2001/XMLSchema-instance" xmlns:xsd="http://www.w3.org/2001/XMLSchema" xmlns:wsa="http://schemas.xmlsoap.org/ws/2004/08/addressing" xmlns:wsdd="http://schemas.xmlsoap.org/ws/2005/04/discovery" xmlns:chan="http://schemas.microsoft.com/ws/2005/02/duplex" xmlns:wsa5="http://www.w3.org/2005/08/addressing" xmlns:c14n="http://www.w3.org/2001/10/xml-exc-c14n#" xmlns:ds="http://www.w3.org/2000/09/xmldsig#" xmlns:saml1="urn:oasis:names:tc:SAML:1.0:assertion" xmlns:saml2="urn:oasis:names:tc:SAML:2.0:assertion" xmlns:wsu="http://docs.oasis-open.org/wss/2004/01/oasis-200401-wss-wssecurity-utility-1.0.xsd" xmlns:xenc="http://www.w3.org/2001/04/xmlenc#" xmlns:wsc="http://docs.oasis-open.org/ws-sx/ws-secureconversation/200512" xmlns:wsse="http://docs.oasis-open.org/wss/2004/01/oasis-200401-wss-wssecurity-secext-1.0.xsd" xmlns:xmime="http://tempuri.org/xmime.xsd" xmlns:xop="http://www.w3.org/2004/08/xop/include" xmlns:tt="http://www.onvif.org/ver10/schema" xmlns:wsrfbf="http://docs.oasis-open.org/wsrf/bf-2" xmlns:wsnt="http://docs.oasis-open.org/wsn/b-2" xmlns:wstop="http://docs.oasis-open.org/wsn/t-1" xmlns:tdn="http://www.onvif.org/ver10/network/wsdl" xmlns:tds="http://www.onvif.org/ver10/device/wsdl" xmlns:timg="http://www.onvif.org/ver20/imaging/wsdl" xmlns:tls="http://www.onvif.org/ver10/display/wsdl" xmlns:tptz="http://www.onvif.org/ver20/ptz/wsdl" xmlns:trt="http://www.onvif.org/ver10/media/wsdl"><SOAP-ENV:Header><wsse:Security SOAP-ENV:mustUnderstand="true"><wsse:UsernameToken><wsse:Username>admin</wsse:Username><wsse:Password Type="http://docs.oasis-open.org/wss/2004/01/oasis-200401-wss-username-token-profile-1.0#PasswordDigest">CXlU9Wl290749/wZ7eLp/L9iNtw=</wsse:Password><wsse:Nonce EncodingType="http://docs.oasis-open.org/wss/2004/01/oasis-200401-wss-soap-message-security-1.0#Base64Binary">3RiEX+03zLYsEFJOU2MVhy+r/Vc=</wsse:Nonce><wsu:Created>2020-10-12T08:50:37Z</wsu:Created></wsse:UsernameToken></wsse:Security></SOAP-ENV:Header><SOAP-ENV:Body><trt:GetProfiles></trt:GetProfiles></SOAP-ENV:Body></SOAP-ENV:Envelope>
POST /onvif/media HTTP/1.1
Host: 192.168.1.246:8000
User-Agent: gSOAP/2.8
Content-Type: application/soap+xml; charset=utf-8; action="http://www.onvif.org/ver10/media/wsdl/GetStreamUri"
Content-Length: 2423
Connection: close
SOAPAction: "http://www.onvif.org/ver10/media/wsdl/GetStreamUri"

<?xml version="1.0" encoding="UTF-8"?>
<SOAP-ENV:Envelope xmlns:SOAP-ENV="http://www.w3.org/2003/05/soap-envelope" xmlns:SOAP-ENC="http://www.w3.org/2003/05/soap-encoding" xmlns:xsi="http://www.w3.org/2001/XMLSchema-instance" xmlns:xsd="http://www.w3.org/2001/XMLSchema" xmlns:wsa="http://schemas.xmlsoap.org/ws/2004/08/addressing" xmlns:wsdd="http://schemas.xmlsoap.org/ws/2005/04/discovery" xmlns:chan="http://schemas.microsoft.com/ws/2005/02/duplex" xmlns:wsa5="http://www.w3.org/2005/08/addressing" xmlns:c14n="http://www.w3.org/2001/10/xml-exc-c14n#" xmlns:ds="http://www.w3.org/2000/09/xmldsig#" xmlns:saml1="urn:oasis:names:tc:SAML:1.0:assertion" xmlns:saml2="urn:oasis:names:tc:SAML:2.0:assertion" xmlns:wsu="http://docs.oasis-open.org/wss/2004/01/oasis-200401-wss-wssecurity-utility-1.0.xsd" xmlns:xenc="http://www.w3.org/2001/04/xmlenc#" xmlns:wsc="http://docs.oasis-open.org/ws-sx/ws-secureconversation/200512" xmlns:wsse="http://docs.oasis-open.org/wss/2004/01/oasis-200401-wss-wssecurity-secext-1.0.xsd" xmlns:xmime="http://tempuri.org/xmime.xsd" xmlns:xop="http://www.w3.org/2004/08/xop/include" xmlns:tt="http://www.onvif.org/ver10/schema" xmlns:wsrfbf="http://docs.oasis-open.org/wsrf/bf-2" xmlns:wsnt="http://docs.oasis-open.org/wsn/b-2" xmlns:wstop="http://docs.oasis-open.org/wsn/t-1" xmlns:tdn="http://www.onvif.org/ver10/network/wsdl" xmlns:tds="http://www.onvif.org/ver10/device/wsdl" xmlns:timg="http://www.onvif.org/ver20/imaging/wsdl" xmlns:tls="http://www.onvif.org/ver10/display/wsdl" xmlns:tptz="http://www.onvif.org/ver20/ptz/wsdl" xmlns:trt="http://www.onvif.org/ver10/media/wsdl"><SOAP-ENV:Header><wsse:Security SOAP-ENV:mustUnderstand="true"><wsse:UsernameToken><wsse:Username>admin</wsse:Username><wsse:Password Type="http://docs.oasis-open.org/wss/2004/01/oasis-200401-wss-username-token-profile-1.0#PasswordDigest">3sa0ztXj04zbYhfkyApd3Wk5B/A=</wsse:Password><wsse:Nonce EncodingType="http://docs.oasis-open.org/wss/2004/01/oasis-200401-wss-soap-message-security-1.0#Base64Binary">3RiEXzrMDk71RfguXPkD3fJhjxA=</wsse:Nonce><wsu:Created>2020-10-12T08:50:37Z</wsu:Created></wsse:UsernameToken></wsse:Security></SOAP-ENV:Header><SOAP-ENV:Body><trt:GetStreamUri><trt:StreamSetup><tt:Stream>RTP-Unicast</tt:Stream><tt:Transport><tt:Protocol>RTSP</tt:Protocol></tt:Transport></trt:StreamSetup><trt:ProfileToken>PROFILE0</trt:ProfileToken></trt:GetStreamUri></SOAP-ENV:Body></SOAP-ENV:Envelope>
POST /onvif/media HTTP/1.1
Host: 192.168.1.246:8000
User-Agent: gSOAP/2.8
Content-Type: application/soap+xml; charset=utf-8; action="http://www.onvif.org/ver10/media/wsdl/GetProfiles"
Content-Length: 2247
Connection: close
SOAPAction: "http://www.onvif.org/ver10/media/wsdl/GetProfiles"

<?xml version="1.0" encoding="UTF-8"?>
<SOAP-ENV:Envelope xmlns:SOAP-ENV="http://www.w3.org/2003/05/soap-envelope" xmlns:SOAP-ENC="http://www.w3.org/2003/05/soap-encoding" xmlns:xsi="http://www.w3.org/2001/XMLSchema-instance" xmlns:xsd="http://www.w3.org/2001/XMLSchema" xmlns:wsa="http://schemas.xmlsoap.org/ws/2004/08/addressing" xmlns:wsdd="http://schemas.xmlsoap.org/ws/2005/04/discovery" xmlns:chan="http://schemas.microsoft.com/ws/2005/02/duplex" xmlns:wsa5="http://www.w3.org/2005/08/addressing" xmlns:c14n="http://www.w3.org/2001/10/xml-exc-c14n#" xmlns:ds="http://www.w3.org/2000/09/xmldsig#" xmlns:saml1="urn:oasis:names:tc:SAML:1.0:assertion" xmlns:saml2="urn:oasis:names:tc:SAML:2.0:assertion" xmlns:wsu="http://docs.oasis-open.org/wss/2004/01/oasis-200401-wss-wssecurity-utility-1.0.xsd" xmlns:xenc="http://www.w3.org/2001/04/xmlenc#" xmlns:wsc="http://docs.oasis-open.org/ws-sx/ws-secureconversation/200512" xmlns:wsse="http://docs.oasis-open.org/wss/2004/01/oasis-200401-wss-wssecurity-secext-1.0.xsd" xmlns:xmime="http://tempuri.org/xmime.xsd" xmlns:xop="http://www.w3.org/2004/08/xop/include" xmlns:tt="http://www.onvif.org/ver10/schema" xmlns:wsrfbf="http://docs.oasis-open.org/wsrf/bf-2" xmlns:wsnt="http://docs.oasis-open.org/wsn/b-2" xmlns:wstop="http://docs.oasis-open.org/wsn/t-1" xmlns:tdn="http://www.onvif.org/ver10/network/wsdl" xmlns:tds="http://www.onvif.org/ver10/device/wsdl" xmlns:timg="http://www.onvif.org/ver20/imaging/wsdl" xmlns:tls="http://www.onvif.org/ver10/display/wsdl" xmlns:tptz="http://www.onvif.org/ver20/ptz/wsdl" xmlns:trt="http://www.onvif.org/ver10/media/wsdl"><SOAP-ENV:Header><wsse:Security SOAP-ENV:mustUnderstand="true"><wsse:UsernameToken><wsse:Username>admin</wsse:Username><wsse:Password Type="http://docs.oasis-open.org/wss/2004/01/oasis-200401-wss-username-token-profile-1.0#PasswordDigest">RKVcbgbiW2VYITHs3saZLMv1M6U=</wsse:Password><wsse:Nonce EncodingType="http://docs.oasis-open.org/wss/2004/01/oasis-200401-wss-soap-message-security-1.0#Base64Binary">cxmEX9Fb/D6BIrPKDTLfREqHQFY=</wsse:Nonce><wsu:Created>2020-10-12T08:53:07Z</wsu:Created></wsse:UsernameToken></wsse:Security></SOAP-ENV:Header><SOAP-ENV:Body><trt:GetProfiles></trt:GetProfiles></SOAP-ENV:Body></SOAP-ENV:Envelope>
POST /onvif/media HTTP/1.1
Host: 192.168.1.246:8000
User-Agent: gSOAP/2.8
Content-Type: application/soap+xml; charset=utf-8; action="http://www.onvif.org/ver10/media/wsdl/GetStreamUri"
Content-Length: 2423
Connection: close
SOAPAction: "http://www.onvif.org/ver10/media/wsdl/GetStreamUri"

<?xml version="1.0" encoding="UTF-8"?>
<SOAP-ENV:Envelope xmlns:SOAP-ENV="http://www.w3.org/2003/05/soap-envelope" xmlns:SOAP-ENC="http://www.w3.org/2003/05/soap-encoding" xmlns:xsi="http://www.w3.org/2001/XMLSchema-instance" xmlns:xsd="http://www.w3.org/2001/XMLSchema" xmlns:wsa="http://schemas.xmlsoap.org/ws/2004/08/addressing" xmlns:wsdd="http://schemas.xmlsoap.org/ws/2005/04/discovery" xmlns:chan="http://schemas.microsoft.com/ws/2005/02/duplex" xmlns:wsa5="http://www.w3.org/2005/08/addressing" xmlns:c14n="http://www.w3.org/2001/10/xml-exc-c14n#" xmlns:ds="http://www.w3.org/2000/09/xmldsig#" xmlns:saml1="urn:oasis:names:tc:SAML:1.0:assertion" xmlns:saml2="urn:oasis:names:tc:SAML:2.0:assertion" xmlns:wsu="http://docs.oasis-open.org/wss/2004/01/oasis-200401-wss-wssecurity-utility-1.0.xsd" xmlns:xenc="http://www.w3.org/2001/04/xmlenc#" xmlns:wsc="http://docs.oasis-open.org/ws-sx/ws-secureconversation/200512" xmlns:wsse="http://docs.oasis-open.org/wss/2004/01/oasis-200401-wss-wssecurity-secext-1.0.xsd" xmlns:xmime="http://tempuri.org/xmime.xsd" xmlns:xop="http://www.w3.org/2004/08/xop/include" xmlns:tt="http://www.onvif.org/ver10/schema" xmlns:wsrfbf="http://docs.oasis-open.org/wsrf/bf-2" xmlns:wsnt="http://docs.oasis-open.org/wsn/b-2" xmlns:wstop="http://docs.oasis-open.org/wsn/t-1" xmlns:tdn="http://www.onvif.org/ver10/network/wsdl" xmlns:tds="http://www.onvif.org/ver10/device/wsdl" xmlns:timg="http://www.onvif.org/ver20/imaging/wsdl" xmlns:tls="http://www.onvif.org/ver10/display/wsdl" xmlns:tptz="http://www.onvif.org/ver20/ptz/wsdl" xmlns:trt="http://www.onvif.org/ver10/media/wsdl"><SOAP-ENV:Header><wsse:Security SOAP-ENV:mustUnderstand="true"><wsse:UsernameToken><wsse:Username>admin</wsse:Username><wsse:Password Type="http://docs.oasis-open.org/wss/2004/01/oasis-200401-wss-username-token-profile-1.0#PasswordDigest">/jgwxuuVZv0MDNUde2UtmsHHWj0=</wsse:Password><wsse:Nonce EncodingType="http://docs.oasis-open.org/wss/2004/01/oasis-200401-wss-soap-message-security-1.0#Base64Binary">cxmEXxBmKzXgn2x013ggdUq2yHs=</wsse:Nonce><wsu:Created>2020-10-12T08:53:07Z</wsu:Created></wsse:UsernameToken></wsse:Security></SOAP-ENV:Header><SOAP-ENV:Body><trt:GetStreamUri><trt:StreamSetup><tt:Stream>RTP-Unicast</tt:Stream><tt:Transport><tt:Protocol>RTSP</tt:Protocol></tt:Transport></trt:StreamSetup><trt:ProfileToken>PROFILE0</trt:ProfileToken></trt:GetStreamUri></SOAP-ENV:Body></SOAP-ENV:Envelope>
POST /onvif/media HTTP/1.1
Host: 192.168.1.246:8000
User-Agent: gSOAP/2.8
Content-Type: application/soap+xml; charset=utf-8; action="http://www.onvif.org/ver10/media/wsdl/GetProfiles"
Content-Length: 2247
Connection: close
SOAPAction: "http://www.onvif.org/ver10/media/wsdl/GetProfiles"

<?xml version="1.0" encoding="UTF-8"?>
<SOAP-ENV:Envelope xmlns:SOAP-ENV="http://www.w3.org/2003/05/soap-envelope" xmlns:SOAP-ENC="http://www.w3.org/2003/05/soap-encoding" xmlns:xsi="http://www.w3.org/2001/XMLSchema-instance" xmlns:xsd="http://www.w3.org/2001/XMLSchema" xmlns:wsa="http://schemas.xmlsoap.org/ws/2004/08/addressing" xmlns:wsdd="http://schemas.xmlsoap.org/ws/2005/04/discovery" xmlns:chan="http://schemas.microsoft.com/ws/2005/02/duplex" xmlns:wsa5="http://www.w3.org/2005/08/addressing" xmlns:c14n="http://www.w3.org/2001/10/xml-exc-c14n#" xmlns:ds="http://www.w3.org/2000/09/xmldsig#" xmlns:saml1="urn:oasis:names:tc:SAML:1.0:assertion" xmlns:saml2="urn:oasis:names:tc:SAML:2.0:assertion" xmlns:wsu="http://docs.oasis-open.org/wss/2004/01/oasis-200401-wss-wssecurity-utility-1.0.xsd" xmlns:xenc="http://www.w3.org/2001/04/xmlenc#" xmlns:wsc="http://docs.oasis-open.org/ws-sx/ws-secureconversation/200512" xmlns:wsse="http://docs.oasis-open.org/wss/2004/01/oasis-200401-wss-wssecurity-secext-1.0.xsd" xmlns:xmime="http://tempuri.org/xmime.xsd" xmlns:xop="http://www.w3.org/2004/08/xop/include" xmlns:tt="http://www.onvif.org/ver10/schema" xmlns:wsrfbf="http://docs.oasis-open.org/wsrf/bf-2" xmlns:wsnt="http://docs.oasis-open.org/wsn/b-2" xmlns:wstop="http://docs.oasis-open.org/wsn/t-1" xmlns:tdn="http://www.onvif.org/ver10/network/wsdl" xmlns:tds="http://www.onvif.org/ver10/device/wsdl" xmlns:timg="http://www.onvif.org/ver20/imaging/wsdl" xmlns:tls="http://www.onvif.org/ver10/display/wsdl" xmlns:tptz="http://www.onvif.org/ver20/ptz/wsdl" xmlns:trt="http://www.onvif.org/ver10/media/wsdl"><SOAP-ENV:Header><wsse:Security SOAP-ENV:mustUnderstand="true"><wsse:UsernameToken><wsse:Username>admin</wsse:Username><wsse:Password Type="http://docs.oasis-open.org/wss/2004/01/oasis-200401-wss-username-token-profile-1.0#PasswordDigest">xeRP4W/K3OaQ+8qIYRvtkVk2tBc=</wsse:Password><wsse:Nonce EncodingType="http://docs.oasis-open.org/wss/2004/01/oasis-200401-wss-soap-message-security-1.0#Base64Binary">oECEXzYRvvj39vvw6MTG9EbPhTI=</wsse:Nonce><wsu:Created>2020-10-12T11:40:16Z</wsu:Created></wsse:UsernameToken></wsse:Security></SOAP-ENV:Header><SOAP-ENV:Body><trt:GetProfiles></trt:GetProfiles></SOAP-ENV:Body></SOAP-ENV:Envelope>
POST /onvif/media HTTP/1.1
Host: 192.168.1.246:8000
User-Agent: gSOAP/2.8
Content-Type: application/soap+xml; charset=utf-8; action="http://www.onvif.org/ver10/media/wsdl/GetStreamUri"
Content-Length: 2423
Connection: close
SOAPAction: "http://www.onvif.org/ver10/media/wsdl/GetStreamUri"

<?xml version="1.0" encoding="UTF-8"?>
<SOAP-ENV:Envelope xmlns:SOAP-ENV="http://www.w3.org/2003/05/soap-envelope" xmlns:SOAP-ENC="http://www.w3.org/2003/05/soap-encoding" xmlns:xsi="http://www.w3.org/2001/XMLSchema-instance" xmlns:xsd="http://www.w3.org/2001/XMLSchema" xmlns:wsa="http://schemas.xmlsoap.org/ws/2004/08/addressing" xmlns:wsdd="http://schemas.xmlsoap.org/ws/2005/04/discovery" xmlns:chan="http://schemas.microsoft.com/ws/2005/02/duplex" xmlns:wsa5="http://www.w3.org/2005/08/addressing" xmlns:c14n="http://www.w3.org/2001/10/xml-exc-c14n#" xmlns:ds="http://www.w3.org/2000/09/xmldsig#" xmlns:saml1="urn:oasis:names:tc:SAML:1.0:assertion" xmlns:saml2="urn:oasis:names:tc:SAML:2.0:assertion" xmlns:wsu="http://docs.oasis-open.org/wss/2004/01/oasis-200401-wss-wssecurity-utility-1.0.xsd" xmlns:xenc="http://www.w3.org/2001/04/xmlenc#" xmlns:wsc="http://docs.oasis-open.org/ws-sx/ws-secureconversation/200512" xmlns:wsse="http://docs.oasis-open.org/wss/2004/01/oasis-200401-wss-wssecurity-secext-1.0.xsd" xmlns:xmime="http://tempuri.org/xmime.xsd" xmlns:xop="http://www.w3.org/2004/08/xop/include" xmlns:tt="http://www.onvif.org/ver10/schema" xmlns:wsrfbf="http://docs.oasis-open.org/wsrf/bf-2" xmlns:wsnt="http://docs.oasis-open.org/wsn/b-2" xmlns:wstop="http://docs.oasis-open.org/wsn/t-1" xmlns:tdn="http://www.onvif.org/ver10/network/wsdl" xmlns:tds="http://www.onvif.org/ver10/device/wsdl" xmlns:timg="http://www.onvif.org/ver20/imaging/wsdl" xmlns:tls="http://www.onvif.org/ver10/display/wsdl" xmlns:tptz="http://www.onvif.org/ver20/ptz/wsdl" xmlns:trt="http://www.onvif.org/ver10/media/wsdl"><SOAP-ENV:Header><wsse:Security SOAP-ENV:mustUnderstand="true"><wsse:UsernameToken><wsse:Username>admin</wsse:Username><wsse:Password Type="http://docs.oasis-open.org/wss/2004/01/oasis-200401-wss-username-token-profile-1.0#PasswordDigest">vlQXEJMCj9PKqVS68FLLAT4ZKsM=</wsse:Password><wsse:Nonce EncodingType="http://docs.oasis-open.org/wss/2004/01/oasis-200401-wss-soap-message-security-1.0#Base64Binary">oECEX7RmV14y7l16KIxoqIBVWks=</wsse:Nonce><wsu:Created>2020-10-12T11:40:16Z</wsu:Created></wsse:UsernameToken></wsse:Security></SOAP-ENV:Header><SOAP-ENV:Body><trt:GetStreamUri><trt:StreamSetup><tt:Stream>RTP-Unicast</tt:Stream><tt:Transport><tt:Protocol>RTSP</tt:Protocol></tt:Transport></trt:StreamSetup><trt:ProfileToken>PROFILE0</trt:ProfileToken></trt:GetStreamUri></SOAP-ENV:Body></SOAP-ENV:Envelope>
POST /onvif/media HTTP/1.1
Host: 192.168.1.246:8000
User-Agent: gSOAP/2.8
Content-Type: application/soap+xml; charset=utf-8; action="http://www.onvif.org/ver10/media/wsdl/GetStreamUri"
Content-Length: 2423
Connection: close
SOAPAction: "http://www.onvif.org/ver10/media/wsdl/GetStreamUri"

<?xml version="1.0" encoding="UTF-8"?>
<SOAP-ENV:Envelope xmlns:SOAP-ENV="http://www.w3.org/2003/05/soap-envelope" xmlns:SOAP-ENC="http://www.w3.org/2003/05/soap-encoding" xmlns:xsi="http://www.w3.org/2001/XMLSchema-instance" xmlns:xsd="http://www.w3.org/2001/XMLSchema" xmlns:wsa="http://schemas.xmlsoap.org/ws/2004/08/addressing" xmlns:wsdd="http://schemas.xmlsoap.org/ws/2005/04/discovery" xmlns:chan="http://schemas.microsoft.com/ws/2005/02/duplex" xmlns:wsa5="http://www.w3.org/2005/08/addressing" xmlns:c14n="http://www.w3.org/2001/10/xml-exc-c14n#" xmlns:ds="http://www.w3.org/2000/09/xmldsig#" xmlns:saml1="urn:oasis:names:tc:SAML:1.0:assertion" xmlns:saml2="urn:oasis:names:tc:SAML:2.0:assertion" xmlns:wsu="http://docs.oasis-open.org/wss/2004/01/oasis-200401-wss-wssecurity-utility-1.0.xsd" xmlns:xenc="http://www.w3.org/2001/04/xmlenc#" xmlns:wsc="http://docs.oasis-open.org/ws-sx/ws-secureconversation/200512" xmlns:wsse="http://docs.oasis-open.org/wss/2004/01/oasis-200401-wss-wssecurity-secext-1.0.xsd" xmlns:xmime="http://tempuri.org/xmime.xsd" xmlns:xop="http://www.w3.org/2004/08/xop/include" xmlns:tt="http://www.onvif.org/ver10/schema" xmlns:wsrfbf="http://docs.oasis-open.org/wsrf/bf-2" xmlns:wsnt="http://docs.oasis-open.org/wsn/b-2" xmlns:wstop="http://docs.oasis-open.org/wsn/t-1" xmlns:tdn="http://www.onvif.org/ver10/network/wsdl" xmlns:tds="http://www.onvif.org/ver10/device/wsdl" xmlns:timg="http://www.onvif.org/ver20/imaging/wsdl" xmlns:tls="http://www.onvif.org/ver10/display/wsdl" xmlns:tptz="http://www.onvif.org/ver20/ptz/wsdl" xmlns:trt="http://www.onvif.org/ver10/media/wsdl"><SOAP-ENV:Header><wsse:Security SOAP-ENV:mustUnderstand="true"><wsse:UsernameToken><wsse:Username>admin</wsse:Username><wsse:Password Type="http://docs.oasis-open.org/wss/2004/01/oasis-200401-wss-username-token-profile-1.0#PasswordDigest">aAskT5JNR6zGYt7hQz7on1wNGcs=</wsse:Password><wsse:Nonce EncodingType="http://docs.oasis-open.org/wss/2004/01/oasis-200401-wss-soap-message-security-1.0#Base64Binary">oECEX2kfLgr01ZKP1jw/RfpVcdw=</wsse:Nonce><wsu:Created>2020-10-12T11:40:16Z</wsu:Created></wsse:UsernameToken></wsse:Security></SOAP-ENV:Header><SOAP-ENV:Body><trt:GetStreamUri><trt:StreamSetup><tt:Stream>RTP-Unicast</tt:Stream><tt:Transport><tt:Protocol>RTSP</tt:Protocol></tt:Transport></trt:StreamSetup><trt:ProfileToken>PROFILE1</trt:ProfileToken></trt:GetStreamUri></SOAP-ENV:Body></SOAP-ENV:Envelope>
POST /onvif/media HTTP/1.1
Host: 192.168.1.246:8000
User-Agent: gSOAP/2.8
Content-Type: application/soap+xml; charset=utf-8; action="http://www.onvif.org/ver10/media/wsdl/GetProfiles"
Content-Length: 2247
Connection: close
SOAPAction: "http://www.onvif.org/ver10/media/wsdl/GetProfiles"

<?xml version="1.0" encoding="UTF-8"?>
<SOAP-ENV:Envelope xmlns:SOAP-ENV="http://www.w3.org/2003/05/soap-envelope" xmlns:SOAP-ENC="http://www.w3.org/2003/05/soap-encoding" xmlns:xsi="http://www.w3.org/2001/XMLSchema-instance" xmlns:xsd="http://www.w3.org/2001/XMLSchema" xmlns:wsa="http://schemas.xmlsoap.org/ws/2004/08/addressing" xmlns:wsdd="http://schemas.xmlsoap.org/ws/2005/04/discovery" xmlns:chan="http://schemas.microsoft.com/ws/2005/02/duplex" xmlns:wsa5="http://www.w3.org/2005/08/addressing" xmlns:c14n="http://www.w3.org/2001/10/xml-exc-c14n#" xmlns:ds="http://www.w3.org/2000/09/xmldsig#" xmlns:saml1="urn:oasis:names:tc:SAML:1.0:assertion" xmlns:saml2="urn:oasis:names:tc:SAML:2.0:assertion" xmlns:wsu="http://docs.oasis-open.org/wss/2004/01/oasis-200401-wss-wssecurity-utility-1.0.xsd" xmlns:xenc="http://www.w3.org/2001/04/xmlenc#" xmlns:wsc="http://docs.oasis-open.org/ws-sx/ws-secureconversation/200512" xmlns:wsse="http://docs.oasis-open.org/wss/2004/01/oasis-200401-wss-wssecurity-secext-1.0.xsd" xmlns:xmime="http://tempuri.org/xmime.xsd" xmlns:xop="http://www.w3.org/2004/08/xop/include" xmlns:tt="http://www.onvif.org/ver10/schema" xmlns:wsrfbf="http://docs.oasis-open.org/wsrf/bf-2" xmlns:wsnt="http://docs.oasis-open.org/wsn/b-2" xmlns:wstop="http://docs.oasis-open.org/wsn/t-1" xmlns:tdn="http://www.onvif.org/ver10/network/wsdl" xmlns:tds="http://www.onvif.org/ver10/device/wsdl" xmlns:timg="http://www.onvif.org/ver20/imaging/wsdl" xmlns:tls="http://www.onvif.org/ver10/display/wsdl" xmlns:tptz="http://www.onvif.org/ver20/ptz/wsdl" xmlns:trt="http://www.onvif.org/ver10/media/wsdl"><SOAP-ENV:Header><wsse:Security SOAP-ENV:mustUnderstand="true"><wsse:UsernameToken><wsse:Username>admin</wsse:Username><wsse:Password Type="http://docs.oasis-open.org/wss/2004/01/oasis-200401-wss-username-token-profile-1.0#PasswordDigest">Th3SWUlonIIZVC+k71mYNT679ao=</wsse:Password><wsse:Nonce EncodingType="http://docs.oasis-open.org/wss/2004/01/oasis-200401-wss-soap-message-security-1.0#Base64Binary">NUKEX6xgbBMl3sOOJNotaZTDUBk=</wsse:Nonce><wsu:Created>2020-10-12T11:47:01Z</wsu:Created></wsse:UsernameToken></wsse:Security></SOAP-ENV:Header><SOAP-ENV:Body><trt:GetProfiles></trt:GetProfiles></SOAP-ENV:Body></SOAP-ENV:Envelope>
POST /onvif/media HTTP/1.1
Host: 192.168.1.246:8000
User-Agent: gSOAP/2.8
Content-Type: application/soap+xml; charset=utf-8; action="http://www.onvif.org/ver10/media/wsdl/GetStreamUri"
Content-Length: 2423
Connection: close
SOAPAction: "http://www.onvif.org/ver10/media/wsdl/GetStreamUri"

<?xml version="1.0" encoding="UTF-8"?>
<SOAP-ENV:Envelope xmlns:SOAP-ENV="http://www.w3.org/2003/05/soap-envelope" xmlns:SOAP-ENC="http://www.w3.org/2003/05/soap-encoding" xmlns:xsi="http://www.w3.org/2001/XMLSchema-instance" xmlns:xsd="http://www.w3.org/2001/XMLSchema" xmlns:wsa="http://schemas.xmlsoap.org/ws/2004/08/addressing" xmlns:wsdd="http://schemas.xmlsoap.org/ws/2005/04/discovery" xmlns:chan="http://schemas.microsoft.com/ws/2005/02/duplex" xmlns:wsa5="http://www.w3.org/2005/08/addressing" xmlns:c14n="http://www.w3.org/2001/10/xml-exc-c14n#" xmlns:ds="http://www.w3.org/2000/09/xmldsig#" xmlns:saml1="urn:oasis:names:tc:SAML:1.0:assertion" xmlns:saml2="urn:oasis:names:tc:SAML:2.0:assertion" xmlns:wsu="http://docs.oasis-open.org/wss/2004/01/oasis-200401-wss-wssecurity-utility-1.0.xsd" xmlns:xenc="http://www.w3.org/2001/04/xmlenc#" xmlns:wsc="http://docs.oasis-open.org/ws-sx/ws-secureconversation/200512" xmlns:wsse="http://docs.oasis-open.org/wss/2004/01/oasis-200401-wss-wssecurity-secext-1.0.xsd" xmlns:xmime="http://tempuri.org/xmime.xsd" xmlns:xop="http://www.w3.org/2004/08/xop/include" xmlns:tt="http://www.onvif.org/ver10/schema" xmlns:wsrfbf="http://docs.oasis-open.org/wsrf/bf-2" xmlns:wsnt="http://docs.oasis-open.org/wsn/b-2" xmlns:wstop="http://docs.oasis-open.org/wsn/t-1" xmlns:tdn="http://www.onvif.org/ver10/network/wsdl" xmlns:tds="http://www.onvif.org/ver10/device/wsdl" xmlns:timg="http://www.onvif.org/ver20/imaging/wsdl" xmlns:tls="http://www.onvif.org/ver10/display/wsdl" xmlns:tptz="http://www.onvif.org/ver20/ptz/wsdl" xmlns:trt="http://www.onvif.org/ver10/media/wsdl"><SOAP-ENV:Header><wsse:Security SOAP-ENV:mustUnderstand="true"><wsse:UsernameToken><wsse:Username>admin</wsse:Username><wsse:Password Type="http://docs.oasis-open.org/wss/2004/01/oasis-200401-wss-username-token-profile-1.0#PasswordDigest">lVp37WCubUUgJouRuVlkR9qrNfk=</wsse:Password><wsse:Nonce EncodingType="http://docs.oasis-open.org/wss/2004/01/oasis-200401-wss-soap-message-security-1.0#Base64Binary">NUKEXyH9za6sEfWor0WkFb4R6uA=</wsse:Nonce><wsu:Created>2020-10-12T11:47:01Z</wsu:Created></wsse:UsernameToken></wsse:Security></SOAP-ENV:Header><SOAP-ENV:Body><trt:GetStreamUri><trt:StreamSetup><tt:Stream>RTP-Unicast</tt:Stream><tt:Transport><tt:Protocol>RTSP</tt:Protocol></tt:Transport></trt:StreamSetup><trt:ProfileToken>PROFILE0</trt:ProfileToken></trt:GetStreamUri></SOAP-ENV:Body></SOAP-ENV:Envelope>
POST /onvif/media HTTP/1.1
Host: 192.168.1.246:8000
User-Agent: gSOAP/2.8
Content-Type: application/soap+xml; charset=utf-8; action="http://www.onvif.org/ver10/media/wsdl/GetStreamUri"
Content-Length: 2423
Connection: close
SOAPAction: "http://www.onvif.org/ver10/media/wsdl/GetStreamUri"

<?xml version="1.0" encoding="UTF-8"?>
<SOAP-ENV:Envelope xmlns:SOAP-ENV="http://www.w3.org/2003/05/soap-envelope" xmlns:SOAP-ENC="http://www.w3.org/2003/05/soap-encoding" xmlns:xsi="http://www.w3.org/2001/XMLSchema-instance" xmlns:xsd="http://www.w3.org/2001/XMLSchema" xmlns:wsa="http://schemas.xmlsoap.org/ws/2004/08/addressing" xmlns:wsdd="http://schemas.xmlsoap.org/ws/2005/04/discovery" xmlns:chan="http://schemas.microsoft.com/ws/2005/02/duplex" xmlns:wsa5="http://www.w3.org/2005/08/addressing" xmlns:c14n="http://www.w3.org/2001/10/xml-exc-c14n#" xmlns:ds="http://www.w3.org/2000/09/xmldsig#" xmlns:saml1="urn:oasis:names:tc:SAML:1.0:assertion" xmlns:saml2="urn:oasis:names:tc:SAML:2.0:assertion" xmlns:wsu="http://docs.oasis-open.org/wss/2004/01/oasis-200401-wss-wssecurity-utility-1.0.xsd" xmlns:xenc="http://www.w3.org/2001/04/xmlenc#" xmlns:wsc="http://docs.oasis-open.org/ws-sx/ws-secureconversation/200512" xmlns:wsse="http://docs.oasis-open.org/wss/2004/01/oasis-200401-wss-wssecurity-secext-1.0.xsd" xmlns:xmime="http://tempuri.org/xmime.xsd" xmlns:xop="http://www.w3.org/2004/08/xop/include" xmlns:tt="http://www.onvif.org/ver10/schema" xmlns:wsrfbf="http://docs.oasis-open.org/wsrf/bf-2" xmlns:wsnt="http://docs.oasis-open.org/wsn/b-2" xmlns:wstop="http://docs.oasis-open.org/wsn/t-1" xmlns:tdn="http://www.onvif.org/ver10/network/wsdl" xmlns:tds="http://www.onvif.org/ver10/device/wsdl" xmlns:timg="http://www.onvif.org/ver20/imaging/wsdl" xmlns:tls="http://www.onvif.org/ver10/display/wsdl" xmlns:tptz="http://www.onvif.org/ver20/ptz/wsdl" xmlns:trt="http://www.onvif.org/ver10/media/wsdl"><SOAP-ENV:Header><wsse:Security SOAP-ENV:mustUnderstand="true"><wsse:UsernameToken><wsse:Username>admin</wsse:Username><wsse:Password Type="http://docs.oasis-open.org/wss/2004/01/oasis-200401-wss-username-token-profile-1.0#PasswordDigest">CVntoC5ZL/MINYHyWt/k2zIVNlo=</wsse:Password><wsse:Nonce EncodingType="http://docs.oasis-open.org/wss/2004/01/oasis-200401-wss-soap-message-security-1.0#Base64Binary">NUKEX+OEkaB45d1c0QKxcv2jE0Q=</wsse:Nonce><wsu:Created>2020-10-12T11:47:01Z</wsu:Created></wsse:UsernameToken></wsse:Security></SOAP-ENV:Header><SOAP-ENV:Body><trt:GetStreamUri><trt:StreamSetup><tt:Stream>RTP-Unicast</tt:Stream><tt:Transport><tt:Protocol>RTSP</tt:Protocol></tt:Transport></trt:StreamSetup><trt:ProfileToken>PROFILE1</trt:ProfileToken></trt:GetStreamUri></SOAP-ENV:Body></SOAP-ENV:Envelope>
POST /onvif/media HTTP/1.1
Host: 192.168.1.246:8000
User-Agent: gSOAP/2.8
Content-Type: application/soap+xml; charset=utf-8; action="http://www.onvif.org/ver10/media/wsdl/GetProfiles"
Content-Length: 2247
Connection: close
SOAPAction: "http://www.onvif.org/ver10/media/wsdl/GetProfiles"

<?xml version="1.0" encoding="UTF-8"?>
<SOAP-ENV:Envelope xmlns:SOAP-ENV="http://www.w3.org/2003/05/soap-envelope" xmlns:SOAP-ENC="http://www.w3.org/2003/05/soap-encoding" xmlns:xsi="http://www.w3.org/2001/XMLSchema-instance" xmlns:xsd="http://www.w3.org/2001/XMLSchema" xmlns:wsa="http://schemas.xmlsoap.org/ws/2004/08/addressing" xmlns:wsdd="http://schemas.xmlsoap.org/ws/2005/04/discovery" xmlns:chan="http://schemas.microsoft.com/ws/2005/02/duplex" xmlns:wsa5="http://www.w3.org/2005/08/addressing" xmlns:c14n="http://www.w3.org/2001/10/xml-exc-c14n#" xmlns:ds="http://www.w3.org/2000/09/xmldsig#" xmlns:saml1="urn:oasis:names:tc:SAML:1.0:assertion" xmlns:saml2="urn:oasis:names:tc:SAML:2.0:assertion" xmlns:wsu="http://docs.oasis-open.org/wss/2004/01/oasis-200401-wss-wssecurity-utility-1.0.xsd" xmlns:xenc="http://www.w3.org/2001/04/xmlenc#" xmlns:wsc="http://docs.oasis-open.org/ws-sx/ws-secureconversation/200512" xmlns:wsse="http://docs.oasis-open.org/wss/2004/01/oasis-200401-wss-wssecurity-secext-1.0.xsd" xmlns:xmime="http://tempuri.org/xmime.xsd" xmlns:xop="http://www.w3.org/2004/08/xop/include" xmlns:tt="http://www.onvif.org/ver10/schema" xmlns:wsrfbf="http://docs.oasis-open.org/wsrf/bf-2" xmlns:wsnt="http://docs.oasis-open.org/wsn/b-2" xmlns:wstop="http://docs.oasis-open.org/wsn/t-1" xmlns:tdn="http://www.onvif.org/ver10/network/wsdl" xmlns:tds="http://www.onvif.org/ver10/device/wsdl" xmlns:timg="http://www.onvif.org/ver20/imaging/wsdl" xmlns:tls="http://www.onvif.org/ver10/display/wsdl" xmlns:tptz="http://www.onvif.org/ver20/ptz/wsdl" xmlns:trt="http://www.onvif.org/ver10/media/wsdl"><SOAP-ENV:Header><wsse:Security SOAP-ENV:mustUnderstand="true"><wsse:UsernameToken><wsse:Username>admin</wsse:Username><wsse:Password Type="http://docs.oasis-open.org/wss/2004/01/oasis-200401-wss-username-token-profile-1.0#PasswordDigest">OHf1h2MltuZqwrEelVu+MarZf0w=</wsse:Password><wsse:Nonce EncodingType="http://docs.oasis-open.org/wss/2004/01/oasis-200401-wss-soap-message-security-1.0#Base64Binary">k0KEXzdhYQwfztPcFUnqlAiKCw4=</wsse:Nonce><wsu:Created>2020-10-12T11:48:35Z</wsu:Created></wsse:UsernameToken></wsse:Security></SOAP-ENV:Header><SOAP-ENV:Body><trt:GetProfiles></trt:GetProfiles></SOAP-ENV:Body></SOAP-ENV:Envelope>
POST /onvif/media HTTP/1.1
Host: 192.168.1.246:8000
User-Agent: gSOAP/2.8
Content-Type: application/soap+xml; charset=utf-8; action="http://www.onvif.org/ver10/media/wsdl/GetStreamUri"
Content-Length: 2423
Connection: close
SOAPAction: "http://www.onvif.org/ver10/media/wsdl/GetStreamUri"

<?xml version="1.0" encoding="UTF-8"?>
<SOAP-ENV:Envelope xmlns:SOAP-ENV="http://www.w3.org/2003/05/soap-envelope" xmlns:SOAP-ENC="http://www.w3.org/2003/05/soap-encoding" xmlns:xsi="http://www.w3.org/2001/XMLSchema-instance" xmlns:xsd="http://www.w3.org/2001/XMLSchema" xmlns:wsa="http://schemas.xmlsoap.org/ws/2004/08/addressing" xmlns:wsdd="http://schemas.xmlsoap.org/ws/2005/04/discovery" xmlns:chan="http://schemas.microsoft.com/ws/2005/02/duplex" xmlns:wsa5="http://www.w3.org/2005/08/addressing" xmlns:c14n="http://www.w3.org/2001/10/xml-exc-c14n#" xmlns:ds="http://www.w3.org/2000/09/xmldsig#" xmlns:saml1="urn:oasis:names:tc:SAML:1.0:assertion" xmlns:saml2="urn:oasis:names:tc:SAML:2.0:assertion" xmlns:wsu="http://docs.oasis-open.org/wss/2004/01/oasis-200401-wss-wssecurity-utility-1.0.xsd" xmlns:xenc="http://www.w3.org/2001/04/xmlenc#" xmlns:wsc="http://docs.oasis-open.org/ws-sx/ws-secureconversation/200512" xmlns:wsse="http://docs.oasis-open.org/wss/2004/01/oasis-200401-wss-wssecurity-secext-1.0.xsd" xmlns:xmime="http://tempuri.org/xmime.xsd" xmlns:xop="http://www.w3.org/2004/08/xop/include" xmlns:tt="http://www.onvif.org/ver10/schema" xmlns:wsrfbf="http://docs.oasis-open.org/wsrf/bf-2" xmlns:wsnt="http://docs.oasis-open.org/wsn/b-2" xmlns:wstop="http://docs.oasis-open.org/wsn/t-1" xmlns:tdn="http://www.onvif.org/ver10/network/wsdl" xmlns:tds="http://www.onvif.org/ver10/device/wsdl" xmlns:timg="http://www.onvif.org/ver20/imaging/wsdl" xmlns:tls="http://www.onvif.org/ver10/display/wsdl" xmlns:tptz="http://www.onvif.org/ver20/ptz/wsdl" xmlns:trt="http://www.onvif.org/ver10/media/wsdl"><SOAP-ENV:Header><wsse:Security SOAP-ENV:mustUnderstand="true"><wsse:UsernameToken><wsse:Username>admin</wsse:Username><wsse:Password Type="http://docs.oasis-open.org/wss/2004/01/oasis-200401-wss-username-token-profile-1.0#PasswordDigest">KDDNa+Nac2JdiUX3qn+ZE+g0ZcM=</wsse:Password><wsse:Nonce EncodingType="http://docs.oasis-open.org/wss/2004/01/oasis-200401-wss-soap-message-security-1.0#Base64Binary">lEKEX0tLOXr1RB/kToUbguJgdII=</wsse:Nonce><wsu:Created>2020-10-12T11:48:36Z</wsu:Created></wsse:UsernameToken></wsse:Security></SOAP-ENV:Header><SOAP-ENV:Body><trt:GetStreamUri><trt:StreamSetup><tt:Stream>RTP-Unicast</tt:Stream><tt:Transport><tt:Protocol>RTSP</tt:Protocol></tt:Transport></trt:StreamSetup><trt:ProfileToken>PROFILE0</trt:ProfileToken></trt:GetStreamUri></SOAP-ENV:Body></SOAP-ENV:Envelope>
POST /onvif/media HTTP/1.1
Host: 192.168.1.246:8000
User-Agent: gSOAP/2.8
Content-Type: application/soap+xml; charset=utf-8; action="http://www.onvif.org/ver10/media/wsdl/GetStreamUri"
Content-Length: 2423
Connection: close
SOAPAction: "http://www.onvif.org/ver10/media/wsdl/GetStreamUri"

<?xml version="1.0" encoding="UTF-8"?>
<SOAP-ENV:Envelope xmlns:SOAP-ENV="http://www.w3.org/2003/05/soap-envelope" xmlns:SOAP-ENC="http://www.w3.org/2003/05/soap-encoding" xmlns:xsi="http://www.w3.org/2001/XMLSchema-instance" xmlns:xsd="http://www.w3.org/2001/XMLSchema" xmlns:wsa="http://schemas.xmlsoap.org/ws/2004/08/addressing" xmlns:wsdd="http://schemas.xmlsoap.org/ws/2005/04/discovery" xmlns:chan="http://schemas.microsoft.com/ws/2005/02/duplex" xmlns:wsa5="http://www.w3.org/2005/08/addressing" xmlns:c14n="http://www.w3.org/2001/10/xml-exc-c14n#" xmlns:ds="http://www.w3.org/2000/09/xmldsig#" xmlns:saml1="urn:oasis:names:tc:SAML:1.0:assertion" xmlns:saml2="urn:oasis:names:tc:SAML:2.0:assertion" xmlns:wsu="http://docs.oasis-open.org/wss/2004/01/oasis-200401-wss-wssecurity-utility-1.0.xsd" xmlns:xenc="http://www.w3.org/2001/04/xmlenc#" xmlns:wsc="http://docs.oasis-open.org/ws-sx/ws-secureconversation/200512" xmlns:wsse="http://docs.oasis-open.org/wss/2004/01/oasis-200401-wss-wssecurity-secext-1.0.xsd" xmlns:xmime="http://tempuri.org/xmime.xsd" xmlns:xop="http://www.w3.org/2004/08/xop/include" xmlns:tt="http://www.onvif.org/ver10/schema" xmlns:wsrfbf="http://docs.oasis-open.org/wsrf/bf-2" xmlns:wsnt="http://docs.oasis-open.org/wsn/b-2" xmlns:wstop="http://docs.oasis-open.org/wsn/t-1" xmlns:tdn="http://www.onvif.org/ver10/network/wsdl" xmlns:tds="http://www.onvif.org/ver10/device/wsdl" xmlns:timg="http://www.onvif.org/ver20/imaging/wsdl" xmlns:tls="http://www.onvif.org/ver10/display/wsdl" xmlns:tptz="http://www.onvif.org/ver20/ptz/wsdl" xmlns:trt="http://www.onvif.org/ver10/media/wsdl"><SOAP-ENV:Header><wsse:Security SOAP-ENV:mustUnderstand="true"><wsse:UsernameToken><wsse:Username>admin</wsse:Username><wsse:Password Type="http://docs.oasis-open.org/wss/2004/01/oasis-200401-wss-username-token-profile-1.0#PasswordDigest">V2fR5F0XMhLQoRmGQD9cpYubFvA=</wsse:Password><wsse:Nonce EncodingType="http://docs.oasis-open.org/wss/2004/01/oasis-200401-wss-soap-message-security-1.0#Base64Binary">lEKEXwsAdT9iUUJO5HTdhjJWZfg=</wsse:Nonce><wsu:Created>2020-10-12T11:48:36Z</wsu:Created></wsse:UsernameToken></wsse:Security></SOAP-ENV:Header><SOAP-ENV:Body><trt:GetStreamUri><trt:StreamSetup><tt:Stream>RTP-Unicast</tt:Stream><tt:Transport><tt:Protocol>RTSP</tt:Protocol></tt:Transport></trt:StreamSetup><trt:ProfileToken>PROFILE1</trt:ProfileToken></trt:GetStreamUri></SOAP-ENV:Body></SOAP-ENV:Envelope>
POST /onvif/media HTTP/1.1
Host: 192.168.1.246:8000
User-Agent: gSOAP/2.8
Content-Type: application/soap+xml; charset=utf-8; action="http://www.onvif.org/ver10/media/wsdl/GetProfiles"
Content-Length: 2247
Connection: close
SOAPAction: "http://www.onvif.org/ver10/media/wsdl/GetProfiles"

<?xml version="1.0" encoding="UTF-8"?>
<SOAP-ENV:Envelope xmlns:SOAP-ENV="http://www.w3.org/2003/05/soap-envelope" xmlns:SOAP-ENC="http://www.w3.org/2003/05/soap-encoding" xmlns:xsi="http://www.w3.org/2001/XMLSchema-instance" xmlns:xsd="http://www.w3.org/2001/XMLSchema" xmlns:wsa="http://schemas.xmlsoap.org/ws/2004/08/addressing" xmlns:wsdd="http://schemas.xmlsoap.org/ws/2005/04/discovery" xmlns:chan="http://schemas.microsoft.com/ws/2005/02/duplex" xmlns:wsa5="http://www.w3.org/2005/08/addressing" xmlns:c14n="http://www.w3.org/2001/10/xml-exc-c14n#" xmlns:ds="http://www.w3.org/2000/09/xmldsig#" xmlns:saml1="urn:oasis:names:tc:SAML:1.0:assertion" xmlns:saml2="urn:oasis:names:tc:SAML:2.0:assertion" xmlns:wsu="http://docs.oasis-open.org/wss/2004/01/oasis-200401-wss-wssecurity-utility-1.0.xsd" xmlns:xenc="http://www.w3.org/2001/04/xmlenc#" xmlns:wsc="http://docs.oasis-open.org/ws-sx/ws-secureconversation/200512" xmlns:wsse="http://docs.oasis-open.org/wss/2004/01/oasis-200401-wss-wssecurity-secext-1.0.xsd" xmlns:xmime="http://tempuri.org/xmime.xsd" xmlns:xop="http://www.w3.org/2004/08/xop/include" xmlns:tt="http://www.onvif.org/ver10/schema" xmlns:wsrfbf="http://docs.oasis-open.org/wsrf/bf-2" xmlns:wsnt="http://docs.oasis-open.org/wsn/b-2" xmlns:wstop="http://docs.oasis-open.org/wsn/t-1" xmlns:tdn="http://www.onvif.org/ver10/network/wsdl" xmlns:tds="http://www.onvif.org/ver10/device/wsdl" xmlns:timg="http://www.onvif.org/ver20/imaging/wsdl" xmlns:tls="http://www.onvif.org/ver10/display/wsdl" xmlns:tptz="http://www.onvif.org/ver20/ptz/wsdl" xmlns:trt="http://www.onvif.org/ver10/media/wsdl"><SOAP-ENV:Header><wsse:Security SOAP-ENV:mustUnderstand="true"><wsse:UsernameToken><wsse:Username>admin</wsse:Username><wsse:Password Type="http://docs.oasis-open.org/wss/2004/01/oasis-200401-wss-username-token-profile-1.0#PasswordDigest">2VkzCDl3aAz7tPHY3uFNubd8lzE=</wsse:Password><wsse:Nonce EncodingType="http://docs.oasis-open.org/wss/2004/01/oasis-200401-wss-soap-message-security-1.0#Base64Binary">/0OEXxRQYr4fDyNDmLiUwitgjrQ=</wsse:Nonce><wsu:Created>2020-10-12T11:54:39Z</wsu:Created></wsse:UsernameToken></wsse:Security></SOAP-ENV:Header><SOAP-ENV:Body><trt:GetProfiles></trt:GetProfiles></SOAP-ENV:Body></SOAP-ENV:Envelope>
POST /onvif/media HTTP/1.1
Host: 192.168.1.246:8000
User-Agent: gSOAP/2.8
Content-Type: application/soap+xml; charset=utf-8; action="http://www.onvif.org/ver10/media/wsdl/GetStreamUri"
Content-Length: 2423
Connection: close
SOAPAction: "http://www.onvif.org/ver10/media/wsdl/GetStreamUri"

<?xml version="1.0" encoding="UTF-8"?>
<SOAP-ENV:Envelope xmlns:SOAP-ENV="http://www.w3.org/2003/05/soap-envelope" xmlns:SOAP-ENC="http://www.w3.org/2003/05/soap-encoding" xmlns:xsi="http://www.w3.org/2001/XMLSchema-instance" xmlns:xsd="http://www.w3.org/2001/XMLSchema" xmlns:wsa="http://schemas.xmlsoap.org/ws/2004/08/addressing" xmlns:wsdd="http://schemas.xmlsoap.org/ws/2005/04/discovery" xmlns:chan="http://schemas.microsoft.com/ws/2005/02/duplex" xmlns:wsa5="http://www.w3.org/2005/08/addressing" xmlns:c14n="http://www.w3.org/2001/10/xml-exc-c14n#" xmlns:ds="http://www.w3.org/2000/09/xmldsig#" xmlns:saml1="urn:oasis:names:tc:SAML:1.0:assertion" xmlns:saml2="urn:oasis:names:tc:SAML:2.0:assertion" xmlns:wsu="http://docs.oasis-open.org/wss/2004/01/oasis-200401-wss-wssecurity-utility-1.0.xsd" xmlns:xenc="http://www.w3.org/2001/04/xmlenc#" xmlns:wsc="http://docs.oasis-open.org/ws-sx/ws-secureconversation/200512" xmlns:wsse="http://docs.oasis-open.org/wss/2004/01/oasis-200401-wss-wssecurity-secext-1.0.xsd" xmlns:xmime="http://tempuri.org/xmime.xsd" xmlns:xop="http://www.w3.org/2004/08/xop/include" xmlns:tt="http://www.onvif.org/ver10/schema" xmlns:wsrfbf="http://docs.oasis-open.org/wsrf/bf-2" xmlns:wsnt="http://docs.oasis-open.org/wsn/b-2" xmlns:wstop="http://docs.oasis-open.org/wsn/t-1" xmlns:tdn="http://www.onvif.org/ver10/network/wsdl" xmlns:tds="http://www.onvif.org/ver10/device/wsdl" xmlns:timg="http://www.onvif.org/ver20/imaging/wsdl" xmlns:tls="http://www.onvif.org/ver10/display/wsdl" xmlns:tptz="http://www.onvif.org/ver20/ptz/wsdl" xmlns:trt="http://www.onvif.org/ver10/media/wsdl"><SOAP-ENV:Header><wsse:Security SOAP-ENV:mustUnderstand="true"><wsse:UsernameToken><wsse:Username>admin</wsse:Username><wsse:Password Type="http://docs.oasis-open.org/wss/2004/01/oasis-200401-wss-username-token-profile-1.0#PasswordDigest">odPbENt6jV7es3gJ58ElbTHZhMM=</wsse:Password><wsse:Nonce EncodingType="http://docs.oasis-open.org/wss/2004/01/oasis-200401-wss-soap-message-security-1.0#Base64Binary">/0OEXyv6OmpYskeFoQcODN4Eowo=</wsse:Nonce><wsu:Created>2020-10-12T11:54:39Z</wsu:Created></wsse:UsernameToken></wsse:Security></SOAP-ENV:Header><SOAP-ENV:Body><trt:GetStreamUri><trt:StreamSetup><tt:Stream>RTP-Unicast</tt:Stream><tt:Transport><tt:Protocol>RTSP</tt:Protocol></tt:Transport></trt:StreamSetup><trt:ProfileToken>PROFILE0</trt:ProfileToken></trt:GetStreamUri></SOAP-ENV:Body></SOAP-ENV:Envelope>
POST /onvif/media HTTP/1.1
Host: 192.168.1.246:8000
User-Agent: gSOAP/2.8
Content-Type: application/soap+xml; charset=utf-8; action="http://www.onvif.org/ver10/media/wsdl/GetStreamUri"
Content-Length: 2423
Connection: close
SOAPAction: "http://www.onvif.org/ver10/media/wsdl/GetStreamUri"

<?xml version="1.0" encoding="UTF-8"?>
<SOAP-ENV:Envelope xmlns:SOAP-ENV="http://www.w3.org/2003/05/soap-envelope" xmlns:SOAP-ENC="http://www.w3.org/2003/05/soap-encoding" xmlns:xsi="http://www.w3.org/2001/XMLSchema-instance" xmlns:xsd="http://www.w3.org/2001/XMLSchema" xmlns:wsa="http://schemas.xmlsoap.org/ws/2004/08/addressing" xmlns:wsdd="http://schemas.xmlsoap.org/ws/2005/04/discovery" xmlns:chan="http://schemas.microsoft.com/ws/2005/02/duplex" xmlns:wsa5="http://www.w3.org/2005/08/addressing" xmlns:c14n="http://www.w3.org/2001/10/xml-exc-c14n#" xmlns:ds="http://www.w3.org/2000/09/xmldsig#" xmlns:saml1="urn:oasis:names:tc:SAML:1.0:assertion" xmlns:saml2="urn:oasis:names:tc:SAML:2.0:assertion" xmlns:wsu="http://docs.oasis-open.org/wss/2004/01/oasis-200401-wss-wssecurity-utility-1.0.xsd" xmlns:xenc="http://www.w3.org/2001/04/xmlenc#" xmlns:wsc="http://docs.oasis-open.org/ws-sx/ws-secureconversation/200512" xmlns:wsse="http://docs.oasis-open.org/wss/2004/01/oasis-200401-wss-wssecurity-secext-1.0.xsd" xmlns:xmime="http://tempuri.org/xmime.xsd" xmlns:xop="http://www.w3.org/2004/08/xop/include" xmlns:tt="http://www.onvif.org/ver10/schema" xmlns:wsrfbf="http://docs.oasis-open.org/wsrf/bf-2" xmlns:wsnt="http://docs.oasis-open.org/wsn/b-2" xmlns:wstop="http://docs.oasis-open.org/wsn/t-1" xmlns:tdn="http://www.onvif.org/ver10/network/wsdl" xmlns:tds="http://www.onvif.org/ver10/device/wsdl" xmlns:timg="http://www.onvif.org/ver20/imaging/wsdl" xmlns:tls="http://www.onvif.org/ver10/display/wsdl" xmlns:tptz="http://www.onvif.org/ver20/ptz/wsdl" xmlns:trt="http://www.onvif.org/ver10/media/wsdl"><SOAP-ENV:Header><wsse:Security SOAP-ENV:mustUnderstand="true"><wsse:UsernameToken><wsse:Username>admin</wsse:Username><wsse:Password Type="http://docs.oasis-open.org/wss/2004/01/oasis-200401-wss-username-token-profile-1.0#PasswordDigest">wdaRkhIBv9EEcin8ufWhF2zDTyk=</wsse:Password><wsse:Nonce EncodingType="http://docs.oasis-open.org/wss/2004/01/oasis-200401-wss-soap-message-security-1.0#Base64Binary">/0OEX1a0saGrXmbKbKB+Wdth5ZY=</wsse:Nonce><wsu:Created>2020-10-12T11:54:39Z</wsu:Created></wsse:UsernameToken></wsse:Security></SOAP-ENV:Header><SOAP-ENV:Body><trt:GetStreamUri><trt:StreamSetup><tt:Stream>RTP-Unicast</tt:Stream><tt:Transport><tt:Protocol>RTSP</tt:Protocol></tt:Transport></trt:StreamSetup><trt:ProfileToken>PROFILE1</trt:ProfileToken></trt:GetStreamUri></SOAP-ENV:Body></SOAP-ENV:Envelope>
<?xml version="1.0" encoding="UTF-8"?>
<SOAP-ENV:Envelope xmlns:SOAP-ENV="http://www.w3.org/2003/05/soap-envelope" xmlns:SOAP-ENC="http://www.w3.org/2003/05/soap-encoding" xmlns:xsi="http://www.w3.org/2001/XMLSchema-instance" xmlns:xsd="http://www.w3.org/2001/XMLSchema" xmlns:wsa="http://schemas.xmlsoap.org/ws/2004/08/addressing" xmlns:wsdd="http://schemas.xmlsoap.org/ws/2005/04/discovery" xmlns:chan="http://schemas.microsoft.com/ws/2005/02/duplex" xmlns:wsa5="http://www.w3.org/2005/08/addressing" xmlns:c14n="http://www.w3.org/2001/10/xml-exc-c14n#" xmlns:ds="http://www.w3.org/2000/09/xmldsig#" xmlns:saml1="urn:oasis:names:tc:SAML:1.0:assertion" xmlns:saml2="urn:oasis:names:tc:SAML:2.0:assertion" xmlns:wsu="http://docs.oasis-open.org/wss/2004/01/oasis-200401-wss-wssecurity-utility-1.0.xsd" xmlns:xenc="http://www.w3.org/2001/04/xmlenc#" xmlns:wsc="http://docs.oasis-open.org/ws-sx/ws-secureconversation/200512" xmlns:wsse="http://docs.oasis-open.org/wss/2004/01/oasis-200401-wss-wssecurity-secext-1.0.xsd" xmlns:xmime="http://tempuri.org/xmime.xsd" xmlns:xop="http://www.w3.org/2004/08/xop/include" xmlns:tt="http://www.onvif.org/ver10/schema" xmlns:wsrfbf="http://docs.oasis-open.org/wsrf/bf-2" xmlns:wsnt="http://docs.oasis-open.org/wsn/b-2" xmlns:wstop="http://docs.oasis-open.org/wsn/t-1" xmlns:tdn="http://www.onvif.org/ver10/network/wsdl" xmlns:tds="http://www.onvif.org/ver10/device/wsdl" xmlns:timg="http://www.onvif.org/ver20/imaging/wsdl" xmlns:tls="http://www.onvif.org/ver10/display/wsdl" xmlns:tptz="http://www.onvif.org/ver20/ptz/wsdl" xmlns:trt="http://www.onvif.org/ver10/media/wsdl"><SOAP-ENV:Header><wsa:MessageID>urn:uuid:e2001b38-c953-4062-b809-45b7c7105b4f</wsa:MessageID><wsa:To SOAP-ENV:mustUnderstand="true">urn:schemas-xmlsoap-org:ws:2005:04:discovery</wsa:To><wsa:Action SOAP-ENV:mustUnderstand="true">http://schemas.xmlsoap.org/ws/2005/04/discovery/Probe</wsa:Action></SOAP-ENV:Header><SOAP-ENV:Body><wsdd:Probe><wsdd:Types>dn:NetworkVideoTransmitter</wsdd:Types><wsdd:Scopes></wsdd:Scopes></wsdd:Probe></SOAP-ENV:Body></SOAP-ENV:Envelope>
POST /onvif/device_service HTTP/1.1
Host: 192.168.1.246:8000
User-Agent: gSOAP/2.8
Content-Type: application/soap+xml; charset=utf-8; action="http://www.onvif.org/ver10/device/wsdl/GetCapabilities"
Content-Length: 1739
Connection: close
SOAPAction: "http://www.onvif.org/ver10/device/wsdl/GetCapabilities"

<?xml version="1.0" encoding="UTF-8"?>
<SOAP-ENV:Envelope xmlns:SOAP-ENV="http://www.w3.org/2003/05/soap-envelope" xmlns:SOAP-ENC="http://www.w3.org/2003/05/soap-encoding" xmlns:xsi="http://www.w3.org/2001/XMLSchema-instance" xmlns:xsd="http://www.w3.org/2001/XMLSchema" xmlns:wsa="http://schemas.xmlsoap.org/ws/2004/08/addressing" xmlns:wsdd="http://schemas.xmlsoap.org/ws/2005/04/discovery" xmlns:chan="http://schemas.microsoft.com/ws/2005/02/duplex" xmlns:wsa5="http://www.w3.org/2005/08/addressing" xmlns:c14n="http://www.w3.org/2001/10/xml-exc-c14n#" xmlns:ds="http://www.w3.org/2000/09/xmldsig#" xmlns:saml1="urn:oasis:names:tc:SAML:1.0:assertion" xmlns:saml2="urn:oasis:names:tc:SAML:2.0:assertion" xmlns:wsu="http://docs.oasis-open.org/wss/2004/01/oasis-200401-wss-wssecurity-utility-1.0.xsd" xmlns:xenc="http://www.w3.org/2001/04/xmlenc#" xmlns:wsc="http://docs.oasis-open.org/ws-sx/ws-secureconversation/200512" xmlns:wsse="http://docs.oasis-open.org/wss/2004/01/oasis-200401-wss-wssecurity-secext-1.0.xsd" xmlns:xmime="http://tempuri.org/xmime.xsd" xmlns:xop="http://www.w3.org/2004/08/xop/include" xmlns:tt="http://www.onvif.org/ver10/schema" xmlns:wsrfbf="http://docs.oasis-open.org/wsrf/bf-2" xmlns:wsnt="http://docs.oasis-open.org/wsn/b-2" xmlns:wstop="http://docs.oasis-open.org/wsn/t-1" xmlns:tdn="http://www.onvif.org/ver10/network/wsdl" xmlns:tds="http://www.onvif.org/ver10/device/wsdl" xmlns:timg="http://www.onvif.org/ver20/imaging/wsdl" xmlns:tls="http://www.onvif.org/ver10/display/wsdl" xmlns:tptz="http://www.onvif.org/ver20/ptz/wsdl" xmlns:trt="http://www.onvif.org/ver10/media/wsdl"><SOAP-ENV:Body><tds:GetCapabilities><tds:Category>All</tds:Category></tds:GetCapabilities></SOAP-ENV:Body></SOAP-ENV:Envelope>
<?xml version="1.0" encoding="UTF-8"?>
<SOAP-ENV:Envelope xmlns:SOAP-ENV="http://www.w3.org/2003/05/soap-envelope" xmlns:SOAP-ENC="http://www.w3.org/2003/05/soap-encoding" xmlns:xsi="http://www.w3.org/2001/XMLSchema-instance" xmlns:xsd="http://www.w3.org/2001/XMLSchema" xmlns:wsa="http://schemas.xmlsoap.org/ws/2004/08/addressing" xmlns:wsdd="http://schemas.xmlsoap.org/ws/2005/04/discovery" xmlns:chan="http://schemas.microsoft.com/ws/2005/02/duplex" xmlns:wsa5="http://www.w3.org/2005/08/addressing" xmlns:c14n="http://www.w3.org/2001/10/xml-exc-c14n#" xmlns:ds="http://www.w3.org/2000/09/xmldsig#" xmlns:saml1="urn:oasis:names:tc:SAML:1.0:assertion" xmlns:saml2="urn:oasis:names:tc:SAML:2.0:assertion" xmlns:wsu="http://docs.oasis-open.org/wss/2004/01/oasis-200401-wss-wssecurity-utility-1.0.xsd" xmlns:xenc="http://www.w3.org/2001/04/xmlenc#" xmlns:wsc="http://docs.oasis-open.org/ws-sx/ws-secureconversation/200512" xmlns:wsse="http://docs.oasis-open.org/wss/2004/01/oasis-200401-wss-wssecurity-secext-1.0.xsd" xmlns:xmime="http://tempuri.org/xmime.xsd" xmlns:xop="http://www.w3.org/2004/08/xop/include" xmlns:tt="http://www.onvif.org/ver10/schema" xmlns:wsrfbf="http://docs.oasis-open.org/wsrf/bf-2" xmlns:wsnt="http://docs.oasis-open.org/wsn/b-2" xmlns:wstop="http://docs.oasis-open.org/wsn/t-1" xmlns:tdn="http://www.onvif.org/ver10/network/wsdl" xmlns:tds="http://www.onvif.org/ver10/device/wsdl" xmlns:timg="http://www.onvif.org/ver20/imaging/wsdl" xmlns:tls="http://www.onvif.org/ver10/display/wsdl" xmlns:tptz="http://www.onvif.org/ver20/ptz/wsdl" xmlns:trt="http://www.onvif.org/ver10/media/wsdl"><SOAP-ENV:Header><wsa:MessageID>urn:uuid:b7f7f3bb-c53b-4d58-be31-afab23efd55b</wsa:MessageID><wsa:To SOAP-ENV:mustUnderstand="true">urn:schemas-xmlsoap-org:ws:2005:04:discovery</wsa:To><wsa:Action SOAP-ENV:mustUnderstand="true">http://schemas.xmlsoap.org/ws/2005/04/discovery/Probe</wsa:Action></SOAP-ENV:Header><SOAP-ENV:Body><wsdd:Probe><wsdd:Types>dn:NetworkVideoTransmitter</wsdd:Types><wsdd:Scopes></wsdd:Scopes></wsdd:Probe></SOAP-ENV:Body></SOAP-ENV:Envelope>
POST /onvif/device_service HTTP/1.1
Host: 192.168.1.246:8000
User-Agent: gSOAP/2.8
Content-Type: application/soap+xml; charset=utf-8; action="http://www.onvif.org/ver10/device/wsdl/GetCapabilities"
Content-Length: 1739
Connection: close
SOAPAction: "http://www.onvif.org/ver10/device/wsdl/GetCapabilities"

<?xml version="1.0" encoding="UTF-8"?>
<SOAP-ENV:Envelope xmlns:SOAP-ENV="http://www.w3.org/2003/05/soap-envelope" xmlns:SOAP-ENC="http://www.w3.org/2003/05/soap-encoding" xmlns:xsi="http://www.w3.org/2001/XMLSchema-instance" xmlns:xsd="http://www.w3.org/2001/XMLSchema" xmlns:wsa="http://schemas.xmlsoap.org/ws/2004/08/addressing" xmlns:wsdd="http://schemas.xmlsoap.org/ws/2005/04/discovery" xmlns:chan="http://schemas.microsoft.com/ws/2005/02/duplex" xmlns:wsa5="http://www.w3.org/2005/08/addressing" xmlns:c14n="http://www.w3.org/2001/10/xml-exc-c14n#" xmlns:ds="http://www.w3.org/2000/09/xmldsig#" xmlns:saml1="urn:oasis:names:tc:SAML:1.0:assertion" xmlns:saml2="urn:oasis:names:tc:SAML:2.0:assertion" xmlns:wsu="http://docs.oasis-open.org/wss/2004/01/oasis-200401-wss-wssecurity-utility-1.0.xsd" xmlns:xenc="http://www.w3.org/2001/04/xmlenc#" xmlns:wsc="http://docs.oasis-open.org/ws-sx/ws-secureconversation/200512" xmlns:wsse="http://docs.oasis-open.org/wss/2004/01/oasis-200401-wss-wssecurity-secext-1.0.xsd" xmlns:xmime="http://tempuri.org/xmime.xsd" xmlns:xop="http://www.w3.org/2004/08/xop/include" xmlns:tt="http://www.onvif.org/ver10/schema" xmlns:wsrfbf="http://docs.oasis-open.org/wsrf/bf-2" xmlns:wsnt="http://docs.oasis-open.org/wsn/b-2" xmlns:wstop="http://docs.oasis-open.org/wsn/t-1" xmlns:tdn="http://www.onvif.org/ver10/network/wsdl" xmlns:tds="http://www.onvif.org/ver10/device/wsdl" xmlns:timg="http://www.onvif.org/ver20/imaging/wsdl" xmlns:tls="http://www.onvif.org/ver10/display/wsdl" xmlns:tptz="http://www.onvif.org/ver20/ptz/wsdl" xmlns:trt="http://www.onvif.org/ver10/media/wsdl"><SOAP-ENV:Body><tds:GetCapabilities><tds:Category>All</tds:Category></tds:GetCapabilities></SOAP-ENV:Body></SOAP-ENV:Envelope>
<?xml version="1.0" encoding="UTF-8"?>
<SOAP-ENV:Envelope xmlns:SOAP-ENV="http://www.w3.org/2003/05/soap-envelope" xmlns:SOAP-ENC="http://www.w3.org/2003/05/soap-encoding" xmlns:xsi="http://www.w3.org/2001/XMLSchema-instance" xmlns:xsd="http://www.w3.org/2001/XMLSchema" xmlns:wsa="http://schemas.xmlsoap.org/ws/2004/08/addressing" xmlns:wsdd="http://schemas.xmlsoap.org/ws/2005/04/discovery" xmlns:chan="http://schemas.microsoft.com/ws/2005/02/duplex" xmlns:wsa5="http://www.w3.org/2005/08/addressing" xmlns:c14n="http://www.w3.org/2001/10/xml-exc-c14n#" xmlns:ds="http://www.w3.org/2000/09/xmldsig#" xmlns:saml1="urn:oasis:names:tc:SAML:1.0:assertion" xmlns:saml2="urn:oasis:names:tc:SAML:2.0:assertion" xmlns:wsu="http://docs.oasis-open.org/wss/2004/01/oasis-200401-wss-wssecurity-utility-1.0.xsd" xmlns:xenc="http://www.w3.org/2001/04/xmlenc#" xmlns:wsc="http://docs.oasis-open.org/ws-sx/ws-secureconversation/200512" xmlns:wsse="http://docs.oasis-open.org/wss/2004/01/oasis-200401-wss-wssecurity-secext-1.0.xsd" xmlns:xmime="http://tempuri.org/xmime.xsd" xmlns:xop="http://www.w3.org/2004/08/xop/include" xmlns:tt="http://www.onvif.org/ver10/schema" xmlns:wsrfbf="http://docs.oasis-open.org/wsrf/bf-2" xmlns:wsnt="http://docs.oasis-open.org/wsn/b-2" xmlns:wstop="http://docs.oasis-open.org/wsn/t-1" xmlns:tdn="http://www.onvif.org/ver10/network/wsdl" xmlns:tds="http://www.onvif.org/ver10/device/wsdl" xmlns:timg="http://www.onvif.org/ver20/imaging/wsdl" xmlns:tls="http://www.onvif.org/ver10/display/wsdl" xmlns:tptz="http://www.onvif.org/ver20/ptz/wsdl" xmlns:trt="http://www.onvif.org/ver10/media/wsdl"><SOAP-ENV:Header><wsa:MessageID>urn:uuid:4114d7bb-43c6-4be2-a146-85eccc0b5fab</wsa:MessageID><wsa:To SOAP-ENV:mustUnderstand="true">urn:schemas-xmlsoap-org:ws:2005:04:discovery</wsa:To><wsa:Action SOAP-ENV:mustUnderstand="true">http://schemas.xmlsoap.org/ws/2005/04/discovery/Probe</wsa:Action></SOAP-ENV:Header><SOAP-ENV:Body><wsdd:Probe><wsdd:Types>dn:NetworkVideoTransmitter</wsdd:Types><wsdd:Scopes></wsdd:Scopes></wsdd:Probe></SOAP-ENV:Body></SOAP-ENV:Envelope>
POST /onvif/device_service HTTP/1.1
Host: 192.168.1.246:8000
User-Agent: gSOAP/2.8
Content-Type: application/soap+xml; charset=utf-8; action="http://www.onvif.org/ver10/device/wsdl/GetCapabilities"
Content-Length: 1739
Connection: close
SOAPAction: "http://www.onvif.org/ver10/device/wsdl/GetCapabilities"

<?xml version="1.0" encoding="UTF-8"?>
<SOAP-ENV:Envelope xmlns:SOAP-ENV="http://www.w3.org/2003/05/soap-envelope" xmlns:SOAP-ENC="http://www.w3.org/2003/05/soap-encoding" xmlns:xsi="http://www.w3.org/2001/XMLSchema-instance" xmlns:xsd="http://www.w3.org/2001/XMLSchema" xmlns:wsa="http://schemas.xmlsoap.org/ws/2004/08/addressing" xmlns:wsdd="http://schemas.xmlsoap.org/ws/2005/04/discovery" xmlns:chan="http://schemas.microsoft.com/ws/2005/02/duplex" xmlns:wsa5="http://www.w3.org/2005/08/addressing" xmlns:c14n="http://www.w3.org/2001/10/xml-exc-c14n#" xmlns:ds="http://www.w3.org/2000/09/xmldsig#" xmlns:saml1="urn:oasis:names:tc:SAML:1.0:assertion" xmlns:saml2="urn:oasis:names:tc:SAML:2.0:assertion" xmlns:wsu="http://docs.oasis-open.org/wss/2004/01/oasis-200401-wss-wssecurity-utility-1.0.xsd" xmlns:xenc="http://www.w3.org/2001/04/xmlenc#" xmlns:wsc="http://docs.oasis-open.org/ws-sx/ws-secureconversation/200512" xmlns:wsse="http://docs.oasis-open.org/wss/2004/01/oasis-200401-wss-wssecurity-secext-1.0.xsd" xmlns:xmime="http://tempuri.org/xmime.xsd" xmlns:xop="http://www.w3.org/2004/08/xop/include" xmlns:tt="http://www.onvif.org/ver10/schema" xmlns:wsrfbf="http://docs.oasis-open.org/wsrf/bf-2" xmlns:wsnt="http://docs.oasis-open.org/wsn/b-2" xmlns:wstop="http://docs.oasis-open.org/wsn/t-1" xmlns:tdn="http://www.onvif.org/ver10/network/wsdl" xmlns:tds="http://www.onvif.org/ver10/device/wsdl" xmlns:timg="http://www.onvif.org/ver20/imaging/wsdl" xmlns:tls="http://www.onvif.org/ver10/display/wsdl" xmlns:tptz="http://www.onvif.org/ver20/ptz/wsdl" xmlns:trt="http://www.onvif.org/ver10/media/wsdl"><SOAP-ENV:Body><tds:GetCapabilities><tds:Category>All</tds:Category></tds:GetCapabilities></SOAP-ENV:Body></SOAP-ENV:Envelope>
POST /onvif/media HTTP/1.1
Host: 192.168.1.246:8000
User-Agent: gSOAP/2.8
Content-Type: application/soap+xml; charset=utf-8; action="http://www.onvif.org/ver10/media/wsdl/GetProfiles"
Content-Length: 2247
Connection: close
SOAPAction: "http://www.onvif.org/ver10/media/wsdl/GetProfiles"

<?xml version="1.0" encoding="UTF-8"?>
<SOAP-ENV:Envelope xmlns:SOAP-ENV="http://www.w3.org/2003/05/soap-envelope" xmlns:SOAP-ENC="http://www.w3.org/2003/05/soap-encoding" xmlns:xsi="http://www.w3.org/2001/XMLSchema-instance" xmlns:xsd="http://www.w3.org/2001/XMLSchema" xmlns:wsa="http://schemas.xmlsoap.org/ws/2004/08/addressing" xmlns:wsdd="http://schemas.xmlsoap.org/ws/2005/04/discovery" xmlns:chan="http://schemas.microsoft.com/ws/2005/02/duplex" xmlns:wsa5="http://www.w3.org/2005/08/addressing" xmlns:c14n="http://www.w3.org/2001/10/xml-exc-c14n#" xmlns:ds="http://www.w3.org/2000/09/xmldsig#" xmlns:saml1="urn:oasis:names:tc:SAML:1.0:assertion" xmlns:saml2="urn:oasis:names:tc:SAML:2.0:assertion" xmlns:wsu="http://docs.oasis-open.org/wss/2004/01/oasis-200401-wss-wssecurity-utility-1.0.xsd" xmlns:xenc="http://www.w3.org/2001/04/xmlenc#" xmlns:wsc="http://docs.oasis-open.org/ws-sx/ws-secureconversation/200512" xmlns:wsse="http://docs.oasis-open.org/wss/2004/01/oasis-200401-wss-wssecurity-secext-1.0.xsd" xmlns:xmime="http://tempuri.org/xmime.xsd" xmlns:xop="http://www.w3.org/2004/08/xop/include" xmlns:tt="http://www.onvif.org/ver10/schema" xmlns:wsrfbf="http://docs.oasis-open.org/wsrf/bf-2" xmlns:wsnt="http://docs.oasis-open.org/wsn/b-2" xmlns:wstop="http://docs.oasis-open.org/wsn/t-1" xmlns:tdn="http://www.onvif.org/ver10/network/wsdl" xmlns:tds="http://www.onvif.org/ver10/device/wsdl" xmlns:timg="http://www.onvif.org/ver20/imaging/wsdl" xmlns:tls="http://www.onvif.org/ver10/display/wsdl" xmlns:tptz="http://www.onvif.org/ver20/ptz/wsdl" xmlns:trt="http://www.onvif.org/ver10/media/wsdl"><SOAP-ENV:Header><wsse:Security SOAP-ENV:mustUnderstand="true"><wsse:UsernameToken><wsse:Username>admin</wsse:Username><wsse:Password Type="http://docs.oasis-open.org/wss/2004/01/oasis-200401-wss-username-token-profile-1.0#PasswordDigest">HjqK8YakUsOiFJsaIVlwj0Ur+LM=</wsse:Password><wsse:Nonce EncodingType="http://docs.oasis-open.org/wss/2004/01/oasis-200401-wss-soap-message-security-1.0#Base64Binary">AEiEX6fiKUl/xRw40rq90Yg9Qfo=</wsse:Nonce><wsu:Created>2020-10-12T12:11:44Z</wsu:Created></wsse:UsernameToken></wsse:Security></SOAP-ENV:Header><SOAP-ENV:Body><trt:GetProfiles></trt:GetProfiles></SOAP-ENV:Body></SOAP-ENV:Envelope>
POST /onvif/media HTTP/1.1
Host: 192.168.1.246:8000
User-Agent: gSOAP/2.8
Content-Type: application/soap+xml; charset=utf-8; action="http://www.onvif.org/ver10/media/wsdl/GetStreamUri"
Content-Length: 2423
Connection: close
SOAPAction: "http://www.onvif.org/ver10/media/wsdl/GetStreamUri"

<?xml version="1.0" encoding="UTF-8"?>
<SOAP-ENV:Envelope xmlns:SOAP-ENV="http://www.w3.org/2003/05/soap-envelope" xmlns:SOAP-ENC="http://www.w3.org/2003/05/soap-encoding" xmlns:xsi="http://www.w3.org/2001/XMLSchema-instance" xmlns:xsd="http://www.w3.org/2001/XMLSchema" xmlns:wsa="http://schemas.xmlsoap.org/ws/2004/08/addressing" xmlns:wsdd="http://schemas.xmlsoap.org/ws/2005/04/discovery" xmlns:chan="http://schemas.microsoft.com/ws/2005/02/duplex" xmlns:wsa5="http://www.w3.org/2005/08/addressing" xmlns:c14n="http://www.w3.org/2001/10/xml-exc-c14n#" xmlns:ds="http://www.w3.org/2000/09/xmldsig#" xmlns:saml1="urn:oasis:names:tc:SAML:1.0:assertion" xmlns:saml2="urn:oasis:names:tc:SAML:2.0:assertion" xmlns:wsu="http://docs.oasis-open.org/wss/2004/01/oasis-200401-wss-wssecurity-utility-1.0.xsd" xmlns:xenc="http://www.w3.org/2001/04/xmlenc#" xmlns:wsc="http://docs.oasis-open.org/ws-sx/ws-secureconversation/200512" xmlns:wsse="http://docs.oasis-open.org/wss/2004/01/oasis-200401-wss-wssecurity-secext-1.0.xsd" xmlns:xmime="http://tempuri.org/xmime.xsd" xmlns:xop="http://www.w3.org/2004/08/xop/include" xmlns:tt="http://www.onvif.org/ver10/schema" xmlns:wsrfbf="http://docs.oasis-open.org/wsrf/bf-2" xmlns:wsnt="http://docs.oasis-open.org/wsn/b-2" xmlns:wstop="http://docs.oasis-open.org/wsn/t-1" xmlns:tdn="http://www.onvif.org/ver10/network/wsdl" xmlns:tds="http://www.onvif.org/ver10/device/wsdl" xmlns:timg="http://www.onvif.org/ver20/imaging/wsdl" xmlns:tls="http://www.onvif.org/ver10/display/wsdl" xmlns:tptz="http://www.onvif.org/ver20/ptz/wsdl" xmlns:trt="http://www.onvif.org/ver10/media/wsdl"><SOAP-ENV:Header><wsse:Security SOAP-ENV:mustUnderstand="true"><wsse:UsernameToken><wsse:Username>admin</wsse:Username><wsse:Password Type="http://docs.oasis-open.org/wss/2004/01/oasis-200401-wss-username-token-profile-1.0#PasswordDigest">oCZbRWdJcxbO58zQcHWrtlXvlDM=</wsse:Password><wsse:Nonce EncodingType="http://docs.oasis-open.org/wss/2004/01/oasis-200401-wss-soap-message-security-1.0#Base64Binary">AEiEX6xT+wWbjKavN65VZbUSXdw=</wsse:Nonce><wsu:Created>2020-10-12T12:11:44Z</wsu:Created></wsse:UsernameToken></wsse:Security></SOAP-ENV:Header><SOAP-ENV:Body><trt:GetStreamUri><trt:StreamSetup><tt:Stream>RTP-Unicast</tt:Stream><tt:Transport><tt:Protocol>RTSP</tt:Protocol></tt:Transport></trt:StreamSetup><trt:ProfileToken>PROFILE0</trt:ProfileToken></trt:GetStreamUri></SOAP-ENV:Body></SOAP-ENV:Envelope>
POST /onvif/media HTTP/1.1
Host: 192.168.1.246:8000
User-Agent: gSOAP/2.8
Content-Type: application/soap+xml; charset=utf-8; action="http://www.onvif.org/ver10/media/wsdl/GetStreamUri"
Content-Length: 2423
Connection: close
SOAPAction: "http://www.onvif.org/ver10/media/wsdl/GetStreamUri"

<?xml version="1.0" encoding="UTF-8"?>
<SOAP-ENV:Envelope xmlns:SOAP-ENV="http://www.w3.org/2003/05/soap-envelope" xmlns:SOAP-ENC="http://www.w3.org/2003/05/soap-encoding" xmlns:xsi="http://www.w3.org/2001/XMLSchema-instance" xmlns:xsd="http://www.w3.org/2001/XMLSchema" xmlns:wsa="http://schemas.xmlsoap.org/ws/2004/08/addressing" xmlns:wsdd="http://schemas.xmlsoap.org/ws/2005/04/discovery" xmlns:chan="http://schemas.microsoft.com/ws/2005/02/duplex" xmlns:wsa5="http://www.w3.org/2005/08/addressing" xmlns:c14n="http://www.w3.org/2001/10/xml-exc-c14n#" xmlns:ds="http://www.w3.org/2000/09/xmldsig#" xmlns:saml1="urn:oasis:names:tc:SAML:1.0:assertion" xmlns:saml2="urn:oasis:names:tc:SAML:2.0:assertion" xmlns:wsu="http://docs.oasis-open.org/wss/2004/01/oasis-200401-wss-wssecurity-utility-1.0.xsd" xmlns:xenc="http://www.w3.org/2001/04/xmlenc#" xmlns:wsc="http://docs.oasis-open.org/ws-sx/ws-secureconversation/200512" xmlns:wsse="http://docs.oasis-open.org/wss/2004/01/oasis-200401-wss-wssecurity-secext-1.0.xsd" xmlns:xmime="http://tempuri.org/xmime.xsd" xmlns:xop="http://www.w3.org/2004/08/xop/include" xmlns:tt="http://www.onvif.org/ver10/schema" xmlns:wsrfbf="http://docs.oasis-open.org/wsrf/bf-2" xmlns:wsnt="http://docs.oasis-open.org/wsn/b-2" xmlns:wstop="http://docs.oasis-open.org/wsn/t-1" xmlns:tdn="http://www.onvif.org/ver10/network/wsdl" xmlns:tds="http://www.onvif.org/ver10/device/wsdl" xmlns:timg="http://www.onvif.org/ver20/imaging/wsdl" xmlns:tls="http://www.onvif.org/ver10/display/wsdl" xmlns:tptz="http://www.onvif.org/ver20/ptz/wsdl" xmlns:trt="http://www.onvif.org/ver10/media/wsdl"><SOAP-ENV:Header><wsse:Security SOAP-ENV:mustUnderstand="true"><wsse:UsernameToken><wsse:Username>admin</wsse:Username><wsse:Password Type="http://docs.oasis-open.org/wss/2004/01/oasis-200401-wss-username-token-profile-1.0#PasswordDigest">LtcKhg6aZtxEQ62uGFJlwkEPzR4=</wsse:Password><wsse:Nonce EncodingType="http://docs.oasis-open.org/wss/2004/01/oasis-200401-wss-soap-message-security-1.0#Base64Binary">AEiEX+RflsaJPdhh2rzW35w4ZCE=</wsse:Nonce><wsu:Created>2020-10-12T12:11:44Z</wsu:Created></wsse:UsernameToken></wsse:Security></SOAP-ENV:Header><SOAP-ENV:Body><trt:GetStreamUri><trt:StreamSetup><tt:Stream>RTP-Unicast</tt:Stream><tt:Transport><tt:Protocol>RTSP</tt:Protocol></tt:Transport></trt:StreamSetup><trt:ProfileToken>PROFILE1</trt:ProfileToken></trt:GetStreamUri></SOAP-ENV:Body></SOAP-ENV:Envelope>
POST /onvif/media HTTP/1.1
Host: 192.168.1.246:8000
User-Agent: gSOAP/2.8
Content-Type: application/soap+xml; charset=utf-8; action="http://www.onvif.org/ver10/media/wsdl/GetProfiles"
Content-Length: 2247
Connection: close
SOAPAction: "http://www.onvif.org/ver10/media/wsdl/GetProfiles"

<?xml version="1.0" encoding="UTF-8"?>
<SOAP-ENV:Envelope xmlns:SOAP-ENV="http://www.w3.org/2003/05/soap-envelope" xmlns:SOAP-ENC="http://www.w3.org/2003/05/soap-encoding" xmlns:xsi="http://www.w3.org/2001/XMLSchema-instance" xmlns:xsd="http://www.w3.org/2001/XMLSchema" xmlns:wsa="http://schemas.xmlsoap.org/ws/2004/08/addressing" xmlns:wsdd="http://schemas.xmlsoap.org/ws/2005/04/discovery" xmlns:chan="http://schemas.microsoft.com/ws/2005/02/duplex" xmlns:wsa5="http://www.w3.org/2005/08/addressing" xmlns:c14n="http://www.w3.org/2001/10/xml-exc-c14n#" xmlns:ds="http://www.w3.org/2000/09/xmldsig#" xmlns:saml1="urn:oasis:names:tc:SAML:1.0:assertion" xmlns:saml2="urn:oasis:names:tc:SAML:2.0:assertion" xmlns:wsu="http://docs.oasis-open.org/wss/2004/01/oasis-200401-wss-wssecurity-utility-1.0.xsd" xmlns:xenc="http://www.w3.org/2001/04/xmlenc#" xmlns:wsc="http://docs.oasis-open.org/ws-sx/ws-secureconversation/200512" xmlns:wsse="http://docs.oasis-open.org/wss/2004/01/oasis-200401-wss-wssecurity-secext-1.0.xsd" xmlns:xmime="http://tempuri.org/xmime.xsd" xmlns:xop="http://www.w3.org/2004/08/xop/include" xmlns:tt="http://www.onvif.org/ver10/schema" xmlns:wsrfbf="http://docs.oasis-open.org/wsrf/bf-2" xmlns:wsnt="http://docs.oasis-open.org/wsn/b-2" xmlns:wstop="http://docs.oasis-open.org/wsn/t-1" xmlns:tdn="http://www.onvif.org/ver10/network/wsdl" xmlns:tds="http://www.onvif.org/ver10/device/wsdl" xmlns:timg="http://www.onvif.org/ver20/imaging/wsdl" xmlns:tls="http://www.onvif.org/ver10/display/wsdl" xmlns:tptz="http://www.onvif.org/ver20/ptz/wsdl" xmlns:trt="http://www.onvif.org/ver10/media/wsdl"><SOAP-ENV:Header><wsse:Security SOAP-ENV:mustUnderstand="true"><wsse:UsernameToken><wsse:Username>admin</wsse:Username><wsse:Password Type="http://docs.oasis-open.org/wss/2004/01/oasis-200401-wss-username-token-profile-1.0#PasswordDigest">+zIZzm2kkkIN+muuVDfBl8XSubg=</wsse:Password><wsse:Nonce EncodingType="http://docs.oasis-open.org/wss/2004/01/oasis-200401-wss-soap-message-security-1.0#Base64Binary">OEiEX6aruouPIJ548/xO+3avHzA=</wsse:Nonce><wsu:Created>2020-10-12T12:12:40Z</wsu:Created></wsse:UsernameToken></wsse:Security></SOAP-ENV:Header><SOAP-ENV:Body><trt:GetProfiles></trt:GetProfiles></SOAP-ENV:Body></SOAP-ENV:Envelope>
POST /onvif/media HTTP/1.1
Host: 192.168.1.246:8000
User-Agent: gSOAP/2.8
Content-Type: application/soap+xml; charset=utf-8; action="http://www.onvif.org/ver10/media/wsdl/GetStreamUri"
Content-Length: 2423
Connection: close
SOAPAction: "http://www.onvif.org/ver10/media/wsdl/GetStreamUri"

<?xml version="1.0" encoding="UTF-8"?>
<SOAP-ENV:Envelope xmlns:SOAP-ENV="http://www.w3.org/2003/05/soap-envelope" xmlns:SOAP-ENC="http://www.w3.org/2003/05/soap-encoding" xmlns:xsi="http://www.w3.org/2001/XMLSchema-instance" xmlns:xsd="http://www.w3.org/2001/XMLSchema" xmlns:wsa="http://schemas.xmlsoap.org/ws/2004/08/addressing" xmlns:wsdd="http://schemas.xmlsoap.org/ws/2005/04/discovery" xmlns:chan="http://schemas.microsoft.com/ws/2005/02/duplex" xmlns:wsa5="http://www.w3.org/2005/08/addressing" xmlns:c14n="http://www.w3.org/2001/10/xml-exc-c14n#" xmlns:ds="http://www.w3.org/2000/09/xmldsig#" xmlns:saml1="urn:oasis:names:tc:SAML:1.0:assertion" xmlns:saml2="urn:oasis:names:tc:SAML:2.0:assertion" xmlns:wsu="http://docs.oasis-open.org/wss/2004/01/oasis-200401-wss-wssecurity-utility-1.0.xsd" xmlns:xenc="http://www.w3.org/2001/04/xmlenc#" xmlns:wsc="http://docs.oasis-open.org/ws-sx/ws-secureconversation/200512" xmlns:wsse="http://docs.oasis-open.org/wss/2004/01/oasis-200401-wss-wssecurity-secext-1.0.xsd" xmlns:xmime="http://tempuri.org/xmime.xsd" xmlns:xop="http://www.w3.org/2004/08/xop/include" xmlns:tt="http://www.onvif.org/ver10/schema" xmlns:wsrfbf="http://docs.oasis-open.org/wsrf/bf-2" xmlns:wsnt="http://docs.oasis-open.org/wsn/b-2" xmlns:wstop="http://docs.oasis-open.org/wsn/t-1" xmlns:tdn="http://www.onvif.org/ver10/network/wsdl" xmlns:tds="http://www.onvif.org/ver10/device/wsdl" xmlns:timg="http://www.onvif.org/ver20/imaging/wsdl" xmlns:tls="http://www.onvif.org/ver10/display/wsdl" xmlns:tptz="http://www.onvif.org/ver20/ptz/wsdl" xmlns:trt="http://www.onvif.org/ver10/media/wsdl"><SOAP-ENV:Header><wsse:Security SOAP-ENV:mustUnderstand="true"><wsse:UsernameToken><wsse:Username>admin</wsse:Username><wsse:Password Type="http://docs.oasis-open.org/wss/2004/01/oasis-200401-wss-username-token-profile-1.0#PasswordDigest">BAZWccRXmo9nUJ/jhKq5NhlQcog=</wsse:Password><wsse:Nonce EncodingType="http://docs.oasis-open.org/wss/2004/01/oasis-200401-wss-soap-message-security-1.0#Base64Binary">OEiEX16kWnlPY8dvoe0FAdnrbsw=</wsse:Nonce><wsu:Created>2020-10-12T12:12:40Z</wsu:Created></wsse:UsernameToken></wsse:Security></SOAP-ENV:Header><SOAP-ENV:Body><trt:GetStreamUri><trt:StreamSetup><tt:Stream>RTP-Unicast</tt:Stream><tt:Transport><tt:Protocol>RTSP</tt:Protocol></tt:Transport></trt:StreamSetup><trt:ProfileToken>PROFILE0</trt:ProfileToken></trt:GetStreamUri></SOAP-ENV:Body></SOAP-ENV:Envelope>
POST /onvif/media HTTP/1.1
Host: 192.168.1.246:8000
User-Agent: gSOAP/2.8
Content-Type: application/soap+xml; charset=utf-8; action="http://www.onvif.org/ver10/media/wsdl/GetStreamUri"
Content-Length: 2423
Connection: close
SOAPAction: "http://www.onvif.org/ver10/media/wsdl/GetStreamUri"

<?xml version="1.0" encoding="UTF-8"?>
<SOAP-ENV:Envelope xmlns:SOAP-ENV="http://www.w3.org/2003/05/soap-envelope" xmlns:SOAP-ENC="http://www.w3.org/2003/05/soap-encoding" xmlns:xsi="http://www.w3.org/2001/XMLSchema-instance" xmlns:xsd="http://www.w3.org/2001/XMLSchema" xmlns:wsa="http://schemas.xmlsoap.org/ws/2004/08/addressing" xmlns:wsdd="http://schemas.xmlsoap.org/ws/2005/04/discovery" xmlns:chan="http://schemas.microsoft.com/ws/2005/02/duplex" xmlns:wsa5="http://www.w3.org/2005/08/addressing" xmlns:c14n="http://www.w3.org/2001/10/xml-exc-c14n#" xmlns:ds="http://www.w3.org/2000/09/xmldsig#" xmlns:saml1="urn:oasis:names:tc:SAML:1.0:assertion" xmlns:saml2="urn:oasis:names:tc:SAML:2.0:assertion" xmlns:wsu="http://docs.oasis-open.org/wss/2004/01/oasis-200401-wss-wssecurity-utility-1.0.xsd" xmlns:xenc="http://www.w3.org/2001/04/xmlenc#" xmlns:wsc="http://docs.oasis-open.org/ws-sx/ws-secureconversation/200512" xmlns:wsse="http://docs.oasis-open.org/wss/2004/01/oasis-200401-wss-wssecurity-secext-1.0.xsd" xmlns:xmime="http://tempuri.org/xmime.xsd" xmlns:xop="http://www.w3.org/2004/08/xop/include" xmlns:tt="http://www.onvif.org/ver10/schema" xmlns:wsrfbf="http://docs.oasis-open.org/wsrf/bf-2" xmlns:wsnt="http://docs.oasis-open.org/wsn/b-2" xmlns:wstop="http://docs.oasis-open.org/wsn/t-1" xmlns:tdn="http://www.onvif.org/ver10/network/wsdl" xmlns:tds="http://www.onvif.org/ver10/device/wsdl" xmlns:timg="http://www.onvif.org/ver20/imaging/wsdl" xmlns:tls="http://www.onvif.org/ver10/display/wsdl" xmlns:tptz="http://www.onvif.org/ver20/ptz/wsdl" xmlns:trt="http://www.onvif.org/ver10/media/wsdl"><SOAP-ENV:Header><wsse:Security SOAP-ENV:mustUnderstand="true"><wsse:UsernameToken><wsse:Username>admin</wsse:Username><wsse:Password Type="http://docs.oasis-open.org/wss/2004/01/oasis-200401-wss-username-token-profile-1.0#PasswordDigest">gbmEZmCIiuXPFnbnVCpdNoULYM0=</wsse:Password><wsse:Nonce EncodingType="http://docs.oasis-open.org/wss/2004/01/oasis-200401-wss-soap-message-security-1.0#Base64Binary">OEiEX4hCjHu5HCbjAz+SDPoRjxI=</wsse:Nonce><wsu:Created>2020-10-12T12:12:40Z</wsu:Created></wsse:UsernameToken></wsse:Security></SOAP-ENV:Header><SOAP-ENV:Body><trt:GetStreamUri><trt:StreamSetup><tt:Stream>RTP-Unicast</tt:Stream><tt:Transport><tt:Protocol>RTSP</tt:Protocol></tt:Transport></trt:StreamSetup><trt:ProfileToken>PROFILE1</trt:ProfileToken></trt:GetStreamUri></SOAP-ENV:Body></SOAP-ENV:Envelope>
